<?xml version="1.0" encoding="UTF-8"?>
<coverage generated="1499028123362" clover="3.2.0">
  <project timestamp="1499028123362" name="All files">
    <metrics statements="7521" coveredstatements="406" conditionals="5026" coveredconditionals="74" methods="1588" coveredmethods="65" elements="14135" coveredelements="545" complexity="0" loc="7521" ncloc="7521" packages="1" files="1" classes="1">
      <file name="angular-wizard.js" path="/home/ayush/ayusharma.github.com/angular-wizard/lib/angular-wizard.js">
        <metrics statements="7521" coveredstatements="406" conditionals="5026" coveredconditionals="74" methods="1588" coveredmethods="65"/>
        <line num="1" count="1" type="stmt"/>
        <line num="2" count="1" type="cond" truecount="3" falsecount="1"/>
        <line num="3" count="1" type="stmt"/>
        <line num="4" count="0" type="cond" truecount="0" falsecount="4"/>
        <line num="5" count="0" type="stmt"/>
        <line num="6" count="0" type="cond" truecount="0" falsecount="2"/>
        <line num="7" count="0" type="stmt"/>
        <line num="9" count="0" type="stmt"/>
        <line num="11" count="1" type="stmt"/>
        <line num="13" count="1" type="stmt"/>
        <line num="19" count="14" type="cond" truecount="1" falsecount="1"/>
        <line num="20" count="0" type="stmt"/>
        <line num="23" count="14" type="stmt"/>
        <line num="30" count="14" type="stmt"/>
        <line num="33" count="14" type="stmt"/>
        <line num="36" count="14" type="stmt"/>
        <line num="41" count="1" type="stmt"/>
        <line num="44" count="1" type="stmt"/>
        <line num="47" count="1" type="stmt"/>
        <line num="50" count="1" type="stmt"/>
        <line num="51" count="0" type="cond" truecount="0" falsecount="2"/>
        <line num="52" count="0" type="stmt"/>
        <line num="61" count="1" type="stmt"/>
        <line num="62" count="0" type="cond" truecount="0" falsecount="4"/>
        <line num="63" count="0" type="stmt"/>
        <line num="64" count="0" type="stmt"/>
        <line num="65" count="0" type="stmt"/>
        <line num="66" count="0" type="stmt"/>
        <line num="70" count="1" type="stmt"/>
        <line num="73" count="1" type="stmt"/>
        <line num="76" count="1" type="stmt"/>
        <line num="86" count="1" type="stmt"/>
        <line num="90" count="1" type="stmt"/>
        <line num="92" count="1" type="stmt"/>
        <line num="94" count="1" type="stmt"/>
        <line num="96" count="1" type="stmt"/>
        <line num="98" count="1" type="stmt"/>
        <line num="100" count="1" type="stmt"/>
        <line num="102" count="1" type="stmt"/>
        <line num="104" count="1" type="stmt"/>
        <line num="106" count="1" type="stmt"/>
        <line num="108" count="1" type="stmt"/>
        <line num="110" count="1" type="stmt"/>
        <line num="112" count="1" type="stmt"/>
        <line num="114" count="6" type="cond" truecount="3" falsecount="1"/>
        <line num="119" count="1" type="stmt"/>
        <line num="121" count="1" type="stmt"/>
        <line num="122" count="1" type="stmt"/>
        <line num="139" count="1" type="stmt"/>
        <line num="172" count="15" type="cond" truecount="2" falsecount="0"/>
        <line num="173" count="15" type="stmt"/>
        <line num="174" count="0" type="stmt"/>
        <line num="175" count="0" type="stmt"/>
        <line num="176" count="0" type="cond" truecount="0" falsecount="2"/>
        <line num="177" count="0" type="stmt"/>
        <line num="178" count="0" type="stmt"/>
        <line num="182" count="0" type="stmt"/>
        <line num="183" count="0" type="stmt"/>
        <line num="185" count="0" type="cond" truecount="0" falsecount="2"/>
        <line num="186" count="0" type="stmt"/>
        <line num="189" count="0" type="stmt"/>
        <line num="192" count="0" type="stmt"/>
        <line num="195" count="0" type="stmt"/>
        <line num="196" count="0" type="stmt"/>
        <line num="199" count="0" type="stmt"/>
        <line num="323" count="1" type="stmt"/>
        <line num="327" count="1" type="stmt"/>
        <line num="330" count="1" type="stmt"/>
        <line num="332" count="1" type="stmt"/>
        <line num="358" count="0" type="cond" truecount="0" falsecount="2"/>
        <line num="359" count="0" type="cond" truecount="0" falsecount="2"/>
        <line num="360" count="0" type="cond" truecount="0" falsecount="2"/>
        <line num="363" count="0" type="stmt"/>
        <line num="373" count="0" type="cond" truecount="0" falsecount="2"/>
        <line num="391" count="7" type="cond" truecount="1" falsecount="1"/>
        <line num="408" count="1" type="cond" truecount="0" falsecount="2"/>
        <line num="411" count="1" type="stmt"/>
        <line num="413" count="0" type="cond" truecount="0" falsecount="2"/>
        <line num="414" count="0" type="stmt"/>
        <line num="418" count="1" type="stmt"/>
        <line num="420" count="0" type="cond" truecount="0" falsecount="2"/>
        <line num="421" count="0" type="stmt"/>
        <line num="430" count="1" type="cond" truecount="1" falsecount="1"/>
        <line num="431" count="0" type="stmt"/>
        <line num="432" count="0" type="stmt"/>
        <line num="440" count="1" type="stmt"/>
        <line num="441" count="1" type="stmt"/>
        <line num="442" count="1" type="stmt"/>
        <line num="443" count="1" type="stmt"/>
        <line num="444" count="1" type="stmt"/>
        <line num="445" count="1" type="stmt"/>
        <line num="448" count="1" type="cond" truecount="1" falsecount="1"/>
        <line num="450" count="1" type="stmt"/>
        <line num="457" count="1" type="stmt"/>
        <line num="469" count="5" type="cond" truecount="3" falsecount="1"/>
        <line num="475" count="5" type="cond" truecount="4" falsecount="2"/>
        <line num="479" count="5" type="cond" truecount="1" falsecount="1"/>
        <line num="483" count="5" type="cond" truecount="1" falsecount="4"/>
        <line num="525" count="12" type="cond" truecount="1" falsecount="1"/>
        <line num="526" count="12" type="cond" truecount="1" falsecount="1"/>
        <line num="527" count="0" type="stmt"/>
        <line num="528" count="0" type="cond" truecount="0" falsecount="6"/>
        <line num="529" count="0" type="stmt"/>
        <line num="532" count="12" type="cond" truecount="4" falsecount="0"/>
        <line num="533" count="7" type="stmt"/>
        <line num="534" count="7" type="stmt"/>
        <line num="535" count="61" type="cond" truecount="3" falsecount="1"/>
        <line num="536" count="61" type="stmt"/>
        <line num="539" count="5" type="cond" truecount="2" falsecount="2"/>
        <line num="540" count="0" type="stmt"/>
        <line num="541" count="5" type="cond" truecount="1" falsecount="1"/>
        <line num="543" count="0" type="stmt"/>
        <line num="544" count="0" type="stmt"/>
        <line num="546" count="5" type="cond" truecount="1" falsecount="1"/>
        <line num="548" count="5" type="stmt"/>
        <line num="549" count="53" type="cond" truecount="1" falsecount="1"/>
        <line num="550" count="53" type="stmt"/>
        <line num="555" count="0" type="stmt"/>
        <line num="556" count="0" type="cond" truecount="0" falsecount="2"/>
        <line num="557" count="0" type="stmt"/>
        <line num="562" count="12" type="stmt"/>
        <line num="566" count="0" type="stmt"/>
        <line num="567" count="0" type="stmt"/>
        <line num="568" count="0" type="stmt"/>
        <line num="570" count="0" type="stmt"/>
        <line num="580" count="0" type="stmt"/>
        <line num="594" count="0" type="stmt"/>
        <line num="604" count="0" type="cond" truecount="0" falsecount="2"/>
        <line num="605" count="0" type="stmt"/>
        <line num="607" count="0" type="stmt"/>
        <line num="613" count="0" type="stmt"/>
        <line num="615" count="0" type="stmt"/>
        <line num="616" count="0" type="stmt"/>
        <line num="617" count="0" type="cond" truecount="0" falsecount="4"/>
        <line num="618" count="0" type="stmt"/>
        <line num="619" count="0" type="stmt"/>
        <line num="620" count="0" type="stmt"/>
        <line num="621" count="0" type="stmt"/>
        <line num="623" count="0" type="cond" truecount="0" falsecount="4"/>
        <line num="624" count="0" type="cond" truecount="0" falsecount="2"/>
        <line num="625" count="0" type="stmt"/>
        <line num="626" count="0" type="cond" truecount="0" falsecount="2"/>
        <line num="627" count="0" type="stmt"/>
        <line num="628" count="0" type="cond" truecount="0" falsecount="2"/>
        <line num="629" count="0" type="stmt"/>
        <line num="630" count="0" type="cond" truecount="0" falsecount="2"/>
        <line num="631" count="0" type="stmt"/>
        <line num="633" count="0" type="cond" truecount="0" falsecount="4"/>
        <line num="634" count="0" type="stmt"/>
        <line num="637" count="0" type="stmt"/>
        <line num="642" count="0" type="stmt"/>
        <line num="643" count="0" type="stmt"/>
        <line num="665" count="0" type="stmt"/>
        <line num="688" count="0" type="stmt"/>
        <line num="694" count="0" type="stmt"/>
        <line num="697" count="1" type="cond" truecount="1" falsecount="1"/>
        <line num="699" count="0" type="stmt"/>
        <line num="704" count="0" type="stmt"/>
        <line num="724" count="1" type="stmt"/>
        <line num="755" count="0" type="stmt"/>
        <line num="756" count="1" type="stmt"/>
        <line num="759" count="10" type="stmt"/>
        <line num="762" count="0" type="cond" truecount="0" falsecount="2"/>
        <line num="778" count="0" type="stmt"/>
        <line num="793" count="0" type="stmt"/>
        <line num="811" count="0" type="cond" truecount="0" falsecount="2"/>
        <line num="821" count="5" type="cond" truecount="3" falsecount="0"/>
        <line num="837" count="12" type="stmt"/>
        <line num="858" count="5" type="stmt"/>
        <line num="874" count="0" type="stmt"/>
        <line num="890" count="1" type="stmt"/>
        <line num="904" count="18" type="stmt"/>
        <line num="915" count="0" type="stmt"/>
        <line num="927" count="5" type="cond" truecount="2" falsecount="0"/>
        <line num="932" count="0" type="cond" truecount="0" falsecount="3"/>
        <line num="937" count="0" type="stmt"/>
        <line num="942" count="0" type="stmt"/>
        <line num="947" count="0" type="stmt"/>
        <line num="952" count="0" type="stmt"/>
        <line num="957" count="0" type="cond" truecount="0" falsecount="2"/>
        <line num="961" count="1" type="stmt"/>
        <line num="963" count="0" type="cond" truecount="0" falsecount="3"/>
        <line num="967" count="0" type="stmt"/>
        <line num="971" count="1" type="stmt"/>
        <line num="972" count="0" type="cond" truecount="0" falsecount="2"/>
        <line num="978" count="1" type="stmt"/>
        <line num="979" count="0" type="stmt"/>
        <line num="999" count="0" type="cond" truecount="0" falsecount="5"/>
        <line num="1009" count="0" type="stmt"/>
        <line num="1010" count="0" type="stmt"/>
        <line num="1011" count="0" type="stmt"/>
        <line num="1013" count="0" type="stmt"/>
        <line num="1018" count="0" type="cond" truecount="0" falsecount="3"/>
        <line num="1022" count="0" type="stmt"/>
        <line num="1026" count="0" type="stmt"/>
        <line num="1027" count="0" type="cond" truecount="0" falsecount="2"/>
        <line num="1028" count="0" type="stmt"/>
        <line num="1030" count="0" type="stmt"/>
        <line num="1099" count="0" type="stmt"/>
        <line num="1100" count="0" type="stmt"/>
        <line num="1101" count="0" type="cond" truecount="0" falsecount="2"/>
        <line num="1103" count="0" type="cond" truecount="0" falsecount="2"/>
        <line num="1104" count="0" type="cond" truecount="0" falsecount="4"/>
        <line num="1105" count="0" type="stmt"/>
        <line num="1107" count="0" type="cond" truecount="0" falsecount="2"/>
        <line num="1108" count="0" type="stmt"/>
        <line num="1112" count="0" type="cond" truecount="0" falsecount="2"/>
        <line num="1113" count="0" type="stmt"/>
        <line num="1115" count="0" type="stmt"/>
        <line num="1116" count="0" type="cond" truecount="0" falsecount="2"/>
        <line num="1117" count="0" type="stmt"/>
        <line num="1122" count="0" type="stmt"/>
        <line num="1123" count="0" type="stmt"/>
        <line num="1124" count="0" type="stmt"/>
        <line num="1127" count="0" type="stmt"/>
        <line num="1130" count="0" type="stmt"/>
        <line num="1131" count="0" type="cond" truecount="0" falsecount="2"/>
        <line num="1132" count="0" type="stmt"/>
        <line num="1134" count="0" type="stmt"/>
        <line num="1136" count="0" type="cond" truecount="0" falsecount="2"/>
        <line num="1137" count="0" type="stmt"/>
        <line num="1138" count="0" type="stmt"/>
        <line num="1140" count="0" type="cond" truecount="0" falsecount="2"/>
        <line num="1142" count="0" type="stmt"/>
        <line num="1143" count="0" type="stmt"/>
        <line num="1145" count="0" type="cond" truecount="0" falsecount="4"/>
        <line num="1147" count="0" type="stmt"/>
        <line num="1148" count="0" type="cond" truecount="0" falsecount="2"/>
        <line num="1149" count="0" type="stmt"/>
        <line num="1154" count="0" type="stmt"/>
        <line num="1155" count="0" type="cond" truecount="0" falsecount="2"/>
        <line num="1156" count="0" type="stmt"/>
        <line num="1160" count="0" type="stmt"/>
        <line num="1161" count="0" type="stmt"/>
        <line num="1166" count="0" type="cond" truecount="0" falsecount="2"/>
        <line num="1167" count="0" type="stmt"/>
        <line num="1171" count="0" type="stmt"/>
        <line num="1172" count="0" type="cond" truecount="0" falsecount="2"/>
        <line num="1173" count="0" type="stmt"/>
        <line num="1176" count="0" type="cond" truecount="0" falsecount="4"/>
        <line num="1177" count="0" type="stmt"/>
        <line num="1181" count="0" type="stmt"/>
        <line num="1182" count="0" type="stmt"/>
        <line num="1184" count="0" type="cond" truecount="0" falsecount="2"/>
        <line num="1185" count="0" type="cond" truecount="0" falsecount="2"/>
        <line num="1186" count="0" type="stmt"/>
        <line num="1189" count="0" type="stmt"/>
        <line num="1190" count="0" type="stmt"/>
        <line num="1192" count="0" type="cond" truecount="0" falsecount="2"/>
        <line num="1198" count="0" type="cond" truecount="0" falsecount="16"/>
        <line num="1208" count="0" type="stmt"/>
        <line num="1212" count="0" type="cond" truecount="0" falsecount="2"/>
        <line num="1215" count="0" type="stmt"/>
        <line num="1216" count="0" type="stmt"/>
        <line num="1218" count="0" type="stmt"/>
        <line num="1220" count="0" type="stmt"/>
        <line num="1226" count="0" type="stmt"/>
        <line num="1229" count="0" type="stmt"/>
        <line num="1230" count="0" type="stmt"/>
        <line num="1231" count="0" type="stmt"/>
        <line num="1234" count="0" type="stmt"/>
        <line num="1237" count="0" type="cond" truecount="0" falsecount="2"/>
        <line num="1238" count="0" type="stmt"/>
        <line num="1245" count="0" type="cond" truecount="0" falsecount="3"/>
        <line num="1312" count="0" type="cond" truecount="0" falsecount="2"/>
        <line num="1313" count="0" type="cond" truecount="0" falsecount="4"/>
        <line num="1315" count="0" type="cond" truecount="0" falsecount="4"/>
        <line num="1316" count="0" type="stmt"/>
        <line num="1317" count="0" type="cond" truecount="0" falsecount="4"/>
        <line num="1318" count="0" type="cond" truecount="0" falsecount="2"/>
        <line num="1319" count="0" type="cond" truecount="0" falsecount="2"/>
        <line num="1320" count="0" type="cond" truecount="0" falsecount="2"/>
        <line num="1321" count="0" type="stmt"/>
        <line num="1322" count="0" type="cond" truecount="0" falsecount="2"/>
        <line num="1324" count="0" type="stmt"/>
        <line num="1326" count="0" type="cond" truecount="0" falsecount="2"/>
        <line num="1327" count="0" type="cond" truecount="0" falsecount="2"/>
        <line num="1328" count="0" type="stmt"/>
        <line num="1329" count="0" type="cond" truecount="0" falsecount="2"/>
        <line num="1330" count="0" type="cond" truecount="0" falsecount="2"/>
        <line num="1331" count="0" type="stmt"/>
        <line num="1333" count="0" type="cond" truecount="0" falsecount="9"/>
        <line num="1334" count="0" type="stmt"/>
        <line num="1335" count="0" type="stmt"/>
        <line num="1336" count="0" type="stmt"/>
        <line num="1337" count="0" type="cond" truecount="0" falsecount="4"/>
        <line num="1338" count="0" type="cond" truecount="0" falsecount="2"/>
        <line num="1339" count="0" type="stmt"/>
        <line num="1341" count="0" type="stmt"/>
        <line num="1342" count="0" type="cond" truecount="0" falsecount="6"/>
        <line num="1345" count="0" type="stmt"/>
        <line num="1347" count="0" type="stmt"/>
        <line num="1350" count="0" type="stmt"/>
        <line num="1353" count="1" type="stmt"/>
        <line num="1354" count="0" type="cond" truecount="0" falsecount="2"/>
        <line num="1357" count="0" type="cond" truecount="0" falsecount="2"/>
        <line num="1360" count="0" type="cond" truecount="0" falsecount="2"/>
        <line num="1361" count="0" type="cond" truecount="0" falsecount="2"/>
        <line num="1363" count="0" type="stmt"/>
        <line num="1368" count="0" type="stmt"/>
        <line num="1375" count="0" type="stmt"/>
        <line num="1378" count="0" type="stmt"/>
        <line num="1380" count="0" type="stmt"/>
        <line num="1381" count="0" type="stmt"/>
        <line num="1383" count="0" type="stmt"/>
        <line num="1426" count="1" type="stmt"/>
        <line num="1427" count="0" type="cond" truecount="0" falsecount="2"/>
        <line num="1429" count="0" type="stmt"/>
        <line num="1430" count="0" type="stmt"/>
        <line num="1431" count="0" type="stmt"/>
        <line num="1432" count="0" type="stmt"/>
        <line num="1433" count="0" type="cond" truecount="0" falsecount="2"/>
        <line num="1434" count="0" type="stmt"/>
        <line num="1435" count="0" type="stmt"/>
        <line num="1439" count="0" type="stmt"/>
        <line num="1443" count="0" type="stmt"/>
        <line num="1447" count="0" type="cond" truecount="0" falsecount="2"/>
        <line num="1469" count="0" type="cond" truecount="0" falsecount="2"/>
        <line num="1470" count="0" type="cond" truecount="0" falsecount="4"/>
        <line num="1471" count="0" type="cond" truecount="0" falsecount="2"/>
        <line num="1473" count="0" type="cond" truecount="0" falsecount="2"/>
        <line num="1478" count="0" type="cond" truecount="0" falsecount="2"/>
        <line num="1484" count="0" type="stmt"/>
        <line num="1490" count="0" type="stmt"/>
        <line num="1492" count="0" type="cond" truecount="0" falsecount="5"/>
        <line num="1493" count="0" type="stmt"/>
        <line num="1494" count="0" type="cond" truecount="0" falsecount="2"/>
        <line num="1495" count="0" type="stmt"/>
        <line num="1496" count="0" type="cond" truecount="0" falsecount="4"/>
        <line num="1497" count="0" type="stmt"/>
        <line num="1498" count="0" type="cond" truecount="0" falsecount="2"/>
        <line num="1499" count="0" type="stmt"/>
        <line num="1502" count="0" type="stmt"/>
        <line num="1543" count="0" type="cond" truecount="0" falsecount="2"/>
        <line num="1544" count="0" type="cond" truecount="0" falsecount="2"/>
        <line num="1545" count="0" type="cond" truecount="0" falsecount="2"/>
        <line num="1547" count="0" type="stmt"/>
        <line num="1564" count="0" type="cond" truecount="0" falsecount="2"/>
        <line num="1570" count="1" type="stmt"/>
        <line num="1574" count="0" type="stmt"/>
        <line num="1575" count="0" type="stmt"/>
        <line num="1576" count="0" type="cond" truecount="0" falsecount="2"/>
        <line num="1581" count="0" type="stmt"/>
        <line num="1582" count="0" type="stmt"/>
        <line num="1583" count="0" type="stmt"/>
        <line num="1588" count="0" type="cond" truecount="0" falsecount="2"/>
        <line num="1589" count="0" type="stmt"/>
        <line num="1590" count="0" type="stmt"/>
        <line num="1591" count="0" type="stmt"/>
        <line num="1599" count="0" type="stmt"/>
        <line num="1600" count="0" type="stmt"/>
        <line num="1603" count="0" type="stmt"/>
        <line num="1605" count="0" type="stmt"/>
        <line num="1606" count="0" type="stmt"/>
        <line num="1607" count="0" type="cond" truecount="0" falsecount="2"/>
        <line num="1610" count="0" type="stmt"/>
        <line num="1612" count="0" type="stmt"/>
        <line num="1629" count="0" type="stmt"/>
        <line num="1630" count="0" type="stmt"/>
        <line num="1642" count="0" type="stmt"/>
        <line num="1643" count="0" type="cond" truecount="0" falsecount="2"/>
        <line num="1645" count="0" type="cond" truecount="0" falsecount="2"/>
        <line num="1646" count="0" type="stmt"/>
        <line num="1647" count="0" type="stmt"/>
        <line num="1648" count="0" type="cond" truecount="0" falsecount="2"/>
        <line num="1649" count="0" type="stmt"/>
        <line num="1650" count="0" type="stmt"/>
        <line num="1652" count="0" type="stmt"/>
        <line num="1653" count="0" type="cond" truecount="0" falsecount="2"/>
        <line num="1654" count="0" type="cond" truecount="0" falsecount="2"/>
        <line num="1655" count="0" type="cond" truecount="0" falsecount="2"/>
        <line num="1656" count="0" type="stmt"/>
        <line num="1657" count="0" type="cond" truecount="0" falsecount="2"/>
        <line num="1658" count="0" type="stmt"/>
        <line num="1660" count="0" type="stmt"/>
        <line num="1665" count="0" type="stmt"/>
        <line num="1669" count="0" type="stmt"/>
        <line num="1670" count="0" type="stmt"/>
        <line num="1671" count="0" type="cond" truecount="0" falsecount="2"/>
        <line num="1672" count="0" type="stmt"/>
        <line num="1673" count="0" type="stmt"/>
        <line num="1677" count="0" type="stmt"/>
        <line num="1681" count="0" type="cond" truecount="0" falsecount="2"/>
        <line num="1697" count="0" type="stmt"/>
        <line num="1716" count="0" type="stmt"/>
        <line num="1725" count="1" type="stmt"/>
        <line num="1728" count="0" type="stmt"/>
        <line num="1729" count="0" type="stmt"/>
        <line num="1730" count="0" type="stmt"/>
        <line num="1731" count="0" type="cond" truecount="0" falsecount="2"/>
        <line num="1732" count="0" type="stmt"/>
        <line num="1735" count="0" type="stmt"/>
        <line num="1739" count="1" type="stmt"/>
        <line num="1741" count="1" type="cond" truecount="1" falsecount="1"/>
        <line num="1743" count="1" type="stmt"/>
        <line num="1747" count="0" type="cond" truecount="0" falsecount="4"/>
        <line num="1748" count="0" type="stmt"/>
        <line num="1751" count="0" type="stmt"/>
        <line num="1752" count="0" type="stmt"/>
        <line num="1754" count="0" type="stmt"/>
        <line num="1755" count="0" type="cond" truecount="0" falsecount="2"/>
        <line num="1756" count="0" type="stmt"/>
        <line num="1758" count="0" type="cond" truecount="0" falsecount="2"/>
        <line num="1759" count="0" type="stmt"/>
        <line num="1762" count="0" type="stmt"/>
        <line num="1763" count="0" type="stmt"/>
        <line num="1765" count="0" type="cond" truecount="0" falsecount="2"/>
        <line num="1767" count="0" type="stmt"/>
        <line num="1772" count="0" type="cond" truecount="0" falsecount="7"/>
        <line num="1779" count="0" type="stmt"/>
        <line num="1781" count="0" type="stmt"/>
        <line num="1787" count="1" type="stmt"/>
        <line num="1926" count="0" type="stmt"/>
        <line num="1929" count="0" type="stmt"/>
        <line num="1930" count="0" type="stmt"/>
        <line num="1932" count="0" type="cond" truecount="0" falsecount="5"/>
        <line num="1933" count="0" type="stmt"/>
        <line num="1934" count="0" type="stmt"/>
        <line num="1937" count="0" type="stmt"/>
        <line num="1938" count="0" type="stmt"/>
        <line num="1941" count="0" type="cond" truecount="0" falsecount="4"/>
        <line num="1942" count="0" type="stmt"/>
        <line num="1943" count="0" type="stmt"/>
        <line num="1946" count="0" type="cond" truecount="0" falsecount="2"/>
        <line num="1947" count="0" type="cond" truecount="0" falsecount="2"/>
        <line num="1948" count="0" type="stmt"/>
        <line num="1950" count="0" type="stmt"/>
        <line num="1952" count="0" type="stmt"/>
        <line num="1953" count="0" type="cond" truecount="0" falsecount="2"/>
        <line num="2017" count="0" type="cond" truecount="0" falsecount="2"/>
        <line num="2018" count="0" type="stmt"/>
        <line num="2021" count="0" type="stmt"/>
        <line num="2022" count="0" type="stmt"/>
        <line num="2023" count="0" type="stmt"/>
        <line num="2025" count="0" type="cond" truecount="0" falsecount="2"/>
        <line num="2026" count="0" type="cond" truecount="0" falsecount="2"/>
        <line num="2028" count="0" type="stmt"/>
        <line num="2034" count="0" type="cond" truecount="0" falsecount="2"/>
        <line num="2035" count="0" type="stmt"/>
        <line num="2036" count="0" type="stmt"/>
        <line num="2039" count="0" type="cond" truecount="0" falsecount="2"/>
        <line num="2041" count="0" type="stmt"/>
        <line num="2042" count="0" type="stmt"/>
        <line num="2046" count="0" type="stmt"/>
        <line num="2047" count="0" type="stmt"/>
        <line num="2048" count="0" type="stmt"/>
        <line num="2050" count="0" type="stmt"/>
        <line num="2051" count="0" type="stmt"/>
        <line num="2052" count="0" type="stmt"/>
        <line num="2056" count="0" type="stmt"/>
        <line num="2059" count="0" type="stmt"/>
        <line num="2060" count="0" type="stmt"/>
        <line num="2062" count="0" type="cond" truecount="0" falsecount="4"/>
        <line num="2063" count="0" type="stmt"/>
        <line num="2064" count="0" type="stmt"/>
        <line num="2067" count="0" type="cond" truecount="0" falsecount="4"/>
        <line num="2068" count="0" type="stmt"/>
        <line num="2071" count="0" type="stmt"/>
        <line num="2072" count="0" type="stmt"/>
        <line num="2073" count="0" type="stmt"/>
        <line num="2074" count="0" type="stmt"/>
        <line num="2076" count="0" type="stmt"/>
        <line num="2079" count="0" type="cond" truecount="0" falsecount="2"/>
        <line num="2080" count="0" type="stmt"/>
        <line num="2095" count="0" type="stmt"/>
        <line num="2096" count="0" type="stmt"/>
        <line num="2108" count="0" type="stmt"/>
        <line num="2109" count="0" type="cond" truecount="0" falsecount="2"/>
        <line num="2110" count="0" type="stmt"/>
        <line num="2113" count="0" type="stmt"/>
        <line num="2116" count="1" type="stmt"/>
        <line num="2118" count="0" type="cond" truecount="0" falsecount="2"/>
        <line num="2119" count="0" type="stmt"/>
        <line num="2120" count="0" type="cond" truecount="0" falsecount="2"/>
        <line num="2124" count="1" type="stmt"/>
        <line num="2128" count="0" type="cond" truecount="0" falsecount="2"/>
        <line num="2129" count="0" type="stmt"/>
        <line num="2133" count="0" type="stmt"/>
        <line num="2134" count="0" type="cond" truecount="0" falsecount="2"/>
        <line num="2142" count="0" type="cond" truecount="0" falsecount="4"/>
        <line num="2143" count="0" type="stmt"/>
        <line num="2144" count="0" type="stmt"/>
        <line num="2155" count="0" type="stmt"/>
        <line num="2156" count="0" type="stmt"/>
        <line num="2158" count="0" type="stmt"/>
        <line num="2159" count="0" type="stmt"/>
        <line num="2160" count="0" type="cond" truecount="0" falsecount="4"/>
        <line num="2161" count="0" type="stmt"/>
        <line num="2164" count="0" type="stmt"/>
        <line num="2167" count="0" type="stmt"/>
        <line num="2170" count="0" type="stmt"/>
        <line num="2173" count="0" type="stmt"/>
        <line num="2180" count="0" type="cond" truecount="0" falsecount="2"/>
        <line num="2181" count="0" type="cond" truecount="0" falsecount="4"/>
        <line num="2183" count="0" type="stmt"/>
        <line num="2187" count="0" type="cond" truecount="0" falsecount="4"/>
        <line num="2188" count="0" type="stmt"/>
        <line num="2191" count="0" type="stmt"/>
        <line num="2193" count="0" type="stmt"/>
        <line num="2202" count="0" type="cond" truecount="0" falsecount="2"/>
        <line num="2203" count="0" type="stmt"/>
        <line num="2216" count="0" type="cond" truecount="0" falsecount="2"/>
        <line num="2217" count="0" type="stmt"/>
        <line num="2219" count="0" type="stmt"/>
        <line num="2220" count="0" type="stmt"/>
        <line num="2222" count="0" type="stmt"/>
        <line num="2223" count="0" type="stmt"/>
        <line num="2224" count="0" type="cond" truecount="0" falsecount="2"/>
        <line num="2225" count="0" type="stmt"/>
        <line num="2228" count="0" type="cond" truecount="0" falsecount="4"/>
        <line num="2229" count="0" type="stmt"/>
        <line num="2231" count="0" type="stmt"/>
        <line num="2241" count="0" type="stmt"/>
        <line num="2242" count="0" type="stmt"/>
        <line num="2245" count="0" type="cond" truecount="0" falsecount="2"/>
        <line num="2246" count="0" type="cond" truecount="0" falsecount="4"/>
        <line num="2247" count="0" type="cond" truecount="0" falsecount="2"/>
        <line num="2248" count="0" type="stmt"/>
        <line num="2250" count="0" type="stmt"/>
        <line num="2254" count="0" type="cond" truecount="0" falsecount="2"/>
        <line num="2270" count="2" type="stmt"/>
        <line num="2274" count="0" type="cond" truecount="0" falsecount="2"/>
        <line num="2275" count="0" type="stmt"/>
        <line num="2277" count="0" type="cond" truecount="0" falsecount="3"/>
        <line num="2279" count="0" type="stmt"/>
        <line num="2281" count="0" type="stmt"/>
        <line num="2282" count="0" type="stmt"/>
        <line num="2284" count="0" type="cond" truecount="0" falsecount="5"/>
        <line num="2285" count="0" type="stmt"/>
        <line num="2287" count="0" type="stmt"/>
        <line num="2291" count="0" type="stmt"/>
        <line num="2294" count="1" type="stmt"/>
        <line num="2295" count="1" type="stmt"/>
        <line num="2296" count="1" type="stmt"/>
        <line num="2297" count="1" type="stmt"/>
        <line num="2298" count="1" type="stmt"/>
        <line num="2299" count="1" type="stmt"/>
        <line num="2312" count="0" type="stmt"/>
        <line num="2313" count="0" type="stmt"/>
        <line num="2316" count="0" type="cond" truecount="0" falsecount="2"/>
        <line num="2319" count="0" type="stmt"/>
        <line num="2322" count="0" type="cond" truecount="0" falsecount="2"/>
        <line num="2324" count="0" type="stmt"/>
        <line num="2326" count="0" type="stmt"/>
        <line num="2379" count="0" type="stmt"/>
        <line num="2381" count="0" type="stmt"/>
        <line num="2383" count="0" type="stmt"/>
        <line num="2384" count="0" type="cond" truecount="0" falsecount="2"/>
        <line num="2385" count="0" type="stmt"/>
        <line num="2389" count="0" type="stmt"/>
        <line num="2390" count="0" type="cond" truecount="0" falsecount="4"/>
        <line num="2391" count="0" type="stmt"/>
        <line num="2393" count="0" type="stmt"/>
        <line num="2394" count="0" type="cond" truecount="0" falsecount="2"/>
        <line num="2395" count="0" type="stmt"/>
        <line num="2401" count="0" type="stmt"/>
        <line num="2404" count="0" type="stmt"/>
        <line num="2407" count="0" type="stmt"/>
        <line num="2409" count="0" type="stmt"/>
        <line num="2412" count="0" type="stmt"/>
        <line num="2449" count="0" type="cond" truecount="0" falsecount="2"/>
        <line num="2450" count="0" type="cond" truecount="0" falsecount="2"/>
        <line num="2451" count="0" type="stmt"/>
        <line num="2452" count="0" type="stmt"/>
        <line num="2454" count="0" type="stmt"/>
        <line num="2662" count="0" type="stmt"/>
        <line num="2663" count="0" type="stmt"/>
        <line num="2667" count="0" type="cond" truecount="0" falsecount="2"/>
        <line num="2668" count="0" type="stmt"/>
        <line num="2671" count="0" type="stmt"/>
        <line num="2680" count="0" type="cond" truecount="0" falsecount="2"/>
        <line num="2681" count="0" type="stmt"/>
        <line num="2682" count="0" type="cond" truecount="0" falsecount="2"/>
        <line num="2683" count="0" type="stmt"/>
        <line num="2693" count="0" type="cond" truecount="0" falsecount="2"/>
        <line num="2694" count="0" type="stmt"/>
        <line num="2695" count="0" type="cond" truecount="0" falsecount="4"/>
        <line num="2696" count="0" type="stmt"/>
        <line num="2697" count="0" type="stmt"/>
        <line num="2714" count="0" type="cond" truecount="0" falsecount="2"/>
        <line num="2715" count="0" type="cond" truecount="0" falsecount="2"/>
        <line num="2717" count="0" type="stmt"/>
        <line num="2718" count="0" type="stmt"/>
        <line num="2720" count="0" type="cond" truecount="0" falsecount="2"/>
        <line num="2721" count="0" type="cond" truecount="0" falsecount="2"/>
        <line num="2723" count="0" type="stmt"/>
        <line num="2724" count="0" type="cond" truecount="0" falsecount="4"/>
        <line num="2725" count="0" type="stmt"/>
        <line num="2730" count="0" type="cond" truecount="0" falsecount="2"/>
        <line num="2736" count="0" type="stmt"/>
        <line num="2741" count="0" type="cond" truecount="0" falsecount="2"/>
        <line num="2742" count="0" type="stmt"/>
        <line num="2744" count="0" type="stmt"/>
        <line num="2745" count="0" type="stmt"/>
        <line num="2746" count="0" type="cond" truecount="0" falsecount="2"/>
        <line num="2748" count="0" type="cond" truecount="0" falsecount="2"/>
        <line num="2750" count="0" type="stmt"/>
        <line num="2752" count="0" type="stmt"/>
        <line num="2757" count="0" type="cond" truecount="0" falsecount="2"/>
        <line num="2758" count="0" type="stmt"/>
        <line num="2759" count="0" type="cond" truecount="0" falsecount="2"/>
        <line num="2760" count="0" type="stmt"/>
        <line num="2761" count="0" type="cond" truecount="0" falsecount="2"/>
        <line num="2762" count="0" type="stmt"/>
        <line num="2764" count="0" type="stmt"/>
        <line num="2880" count="1" type="stmt"/>
        <line num="2892" count="0" type="stmt"/>
        <line num="2929" count="0" type="stmt"/>
        <line num="2931" count="0" type="stmt"/>
        <line num="2934" count="0" type="stmt"/>
        <line num="2937" count="0" type="stmt"/>
        <line num="2988" count="0" type="stmt"/>
        <line num="3156" count="1" type="stmt"/>
        <line num="3158" count="1" type="stmt"/>
        <line num="3159" count="1" type="stmt"/>
        <line num="3164" count="1" type="stmt"/>
        <line num="3166" count="0" type="cond" truecount="0" falsecount="2"/>
        <line num="3169" count="0" type="stmt"/>
        <line num="3172" count="1" type="stmt"/>
        <line num="3173" count="1" type="stmt"/>
        <line num="3174" count="1" type="stmt"/>
        <line num="3175" count="1" type="stmt"/>
        <line num="3183" count="0" type="stmt"/>
        <line num="3187" count="27" type="stmt"/>
        <line num="3195" count="0" type="stmt"/>
        <line num="3199" count="1" type="stmt"/>
        <line num="3200" count="1" type="stmt"/>
        <line num="3201" count="1" type="stmt"/>
        <line num="3202" count="1" type="stmt"/>
        <line num="3204" count="1" type="stmt"/>
        <line num="3214" count="1" type="stmt"/>
        <line num="3215" count="1" type="stmt"/>
        <line num="3216" count="1" type="stmt"/>
        <line num="3220" count="0" type="stmt"/>
        <line num="3226" count="0" type="stmt"/>
        <line num="3227" count="0" type="cond" truecount="0" falsecount="3"/>
        <line num="3231" count="0" type="stmt"/>
        <line num="3232" count="0" type="stmt"/>
        <line num="3234" count="0" type="stmt"/>
        <line num="3239" count="0" type="stmt"/>
        <line num="3240" count="0" type="stmt"/>
        <line num="3242" count="0" type="cond" truecount="0" falsecount="2"/>
        <line num="3244" count="0" type="stmt"/>
        <line num="3247" count="0" type="stmt"/>
        <line num="3248" count="0" type="cond" truecount="0" falsecount="2"/>
        <line num="3249" count="0" type="cond" truecount="0" falsecount="2"/>
        <line num="3250" count="0" type="stmt"/>
        <line num="3253" count="0" type="stmt"/>
        <line num="3254" count="0" type="stmt"/>
        <line num="3255" count="0" type="stmt"/>
        <line num="3258" count="0" type="stmt"/>
        <line num="3260" count="0" type="stmt"/>
        <line num="3261" count="0" type="stmt"/>
        <line num="3265" count="0" type="stmt"/>
        <line num="3266" count="0" type="stmt"/>
        <line num="3267" count="0" type="stmt"/>
        <line num="3268" count="0" type="stmt"/>
        <line num="3271" count="0" type="stmt"/>
        <line num="3275" count="0" type="cond" truecount="0" falsecount="2"/>
        <line num="3278" count="0" type="cond" truecount="0" falsecount="2"/>
        <line num="3279" count="0" type="stmt"/>
        <line num="3282" count="0" type="cond" truecount="0" falsecount="2"/>
        <line num="3283" count="0" type="stmt"/>
        <line num="3286" count="0" type="stmt"/>
        <line num="3290" count="0" type="stmt"/>
        <line num="3292" count="0" type="cond" truecount="0" falsecount="2"/>
        <line num="3293" count="0" type="stmt"/>
        <line num="3296" count="0" type="stmt"/>
        <line num="3301" count="1" type="cond" truecount="1" falsecount="1"/>
        <line num="3303" count="0" type="stmt"/>
        <line num="3308" count="0" type="cond" truecount="0" falsecount="2"/>
        <line num="3309" count="0" type="stmt"/>
        <line num="3314" count="0" type="cond" truecount="0" falsecount="2"/>
        <line num="3315" count="0" type="stmt"/>
        <line num="3316" count="0" type="stmt"/>
        <line num="3318" count="0" type="cond" truecount="0" falsecount="2"/>
        <line num="3319" count="0" type="cond" truecount="0" falsecount="4"/>
        <line num="3320" count="0" type="stmt"/>
        <line num="3322" count="0" type="stmt"/>
        <line num="3325" count="0" type="cond" truecount="0" falsecount="2"/>
        <line num="3326" count="0" type="stmt"/>
        <line num="3327" count="0" type="cond" truecount="0" falsecount="2"/>
        <line num="3328" count="0" type="stmt"/>
        <line num="3330" count="0" type="stmt"/>
        <line num="3335" count="0" type="stmt"/>
        <line num="3339" count="0" type="cond" truecount="0" falsecount="4"/>
        <line num="3341" count="0" type="cond" truecount="0" falsecount="2"/>
        <line num="3342" count="0" type="stmt"/>
        <line num="3347" count="0" type="cond" truecount="0" falsecount="2"/>
        <line num="3349" count="0" type="stmt"/>
        <line num="3350" count="0" type="cond" truecount="0" falsecount="2"/>
        <line num="3351" count="0" type="cond" truecount="0" falsecount="2"/>
        <line num="3353" count="0" type="cond" truecount="0" falsecount="2"/>
        <line num="3355" count="0" type="cond" truecount="0" falsecount="2"/>
        <line num="3356" count="0" type="stmt"/>
        <line num="3357" count="0" type="cond" truecount="0" falsecount="2"/>
        <line num="3358" count="0" type="stmt"/>
        <line num="3360" count="0" type="stmt"/>
        <line num="3364" count="0" type="stmt"/>
        <line num="3365" count="0" type="stmt"/>
        <line num="3366" count="0" type="cond" truecount="0" falsecount="2"/>
        <line num="3367" count="0" type="cond" truecount="0" falsecount="2"/>
        <line num="3369" count="0" type="cond" truecount="0" falsecount="5"/>
        <line num="3370" count="0" type="stmt"/>
        <line num="3371" count="0" type="stmt"/>
        <line num="3375" count="0" type="stmt"/>
        <line num="3376" count="0" type="stmt"/>
        <line num="3377" count="0" type="cond" truecount="0" falsecount="2"/>
        <line num="3378" count="0" type="stmt"/>
        <line num="3385" count="0" type="stmt"/>
        <line num="3386" count="0" type="cond" truecount="0" falsecount="2"/>
        <line num="3388" count="0" type="cond" truecount="0" falsecount="2"/>
        <line num="3389" count="0" type="cond" truecount="0" falsecount="2"/>
        <line num="3390" count="0" type="stmt"/>
        <line num="3391" count="0" type="stmt"/>
        <line num="3394" count="0" type="cond" truecount="0" falsecount="2"/>
        <line num="3395" count="0" type="cond" truecount="0" falsecount="2"/>
        <line num="3396" count="0" type="stmt"/>
        <line num="3398" count="0" type="stmt"/>
        <line num="3400" count="0" type="stmt"/>
        <line num="3401" count="0" type="stmt"/>
        <line num="3407" count="0" type="stmt"/>
        <line num="3408" count="0" type="cond" truecount="0" falsecount="2"/>
        <line num="3410" count="0" type="cond" truecount="0" falsecount="4"/>
        <line num="3411" count="0" type="stmt"/>
        <line num="3412" count="0" type="stmt"/>
        <line num="3415" count="0" type="stmt"/>
        <line num="3420" count="0" type="cond" truecount="0" falsecount="2"/>
        <line num="3423" count="0" type="stmt"/>
        <line num="3424" count="0" type="cond" truecount="0" falsecount="3"/>
        <line num="3425" count="0" type="stmt"/>
        <line num="3426" count="0" type="stmt"/>
        <line num="3427" count="0" type="cond" truecount="0" falsecount="2"/>
        <line num="3429" count="0" type="cond" truecount="0" falsecount="2"/>
        <line num="3430" count="0" type="stmt"/>
        <line num="3432" count="0" type="cond" truecount="0" falsecount="2"/>
        <line num="3433" count="0" type="stmt"/>
        <line num="3435" count="0" type="cond" truecount="0" falsecount="2"/>
        <line num="3437" count="0" type="cond" truecount="0" falsecount="2"/>
        <line num="3439" count="0" type="stmt"/>
        <line num="3440" count="0" type="stmt"/>
        <line num="3449" count="0" type="cond" truecount="0" falsecount="2"/>
        <line num="3450" count="0" type="cond" truecount="0" falsecount="2"/>
        <line num="3455" count="0" type="cond" truecount="0" falsecount="4"/>
        <line num="3456" count="0" type="stmt"/>
        <line num="3457" count="0" type="stmt"/>
        <line num="3467" count="0" type="cond" truecount="0" falsecount="4"/>
        <line num="3468" count="0" type="cond" truecount="0" falsecount="2"/>
        <line num="3471" count="0" type="stmt"/>
        <line num="3472" count="0" type="stmt"/>
        <line num="3473" count="0" type="cond" truecount="0" falsecount="2"/>
        <line num="3474" count="0" type="stmt"/>
        <line num="3478" count="0" type="stmt"/>
        <line num="3486" count="0" type="cond" truecount="0" falsecount="2"/>
        <line num="3489" count="0" type="cond" truecount="0" falsecount="2"/>
        <line num="3490" count="0" type="stmt"/>
        <line num="3492" count="0" type="stmt"/>
        <line num="3495" count="0" type="cond" truecount="0" falsecount="4"/>
        <line num="3496" count="0" type="cond" truecount="0" falsecount="2"/>
        <line num="3497" count="0" type="stmt"/>
        <line num="3498" count="0" type="stmt"/>
        <line num="3502" count="0" type="stmt"/>
        <line num="3510" count="0" type="cond" truecount="0" falsecount="2"/>
        <line num="3516" count="0" type="cond" truecount="0" falsecount="2"/>
        <line num="3517" count="0" type="stmt"/>
        <line num="3519" count="0" type="cond" truecount="0" falsecount="2"/>
        <line num="3521" count="0" type="stmt"/>
        <line num="3522" count="0" type="stmt"/>
        <line num="3523" count="0" type="cond" truecount="0" falsecount="2"/>
        <line num="3529" count="0" type="cond" truecount="0" falsecount="3"/>
        <line num="3534" count="0" type="stmt"/>
        <line num="3535" count="0" type="stmt"/>
        <line num="3536" count="0" type="stmt"/>
        <line num="3541" count="0" type="cond" truecount="0" falsecount="2"/>
        <line num="3542" count="0" type="stmt"/>
        <line num="3543" count="0" type="cond" truecount="0" falsecount="2"/>
        <line num="3548" count="0" type="cond" truecount="0" falsecount="2"/>
        <line num="3549" count="0" type="cond" truecount="0" falsecount="2"/>
        <line num="3553" count="0" type="stmt"/>
        <line num="3556" count="0" type="stmt"/>
        <line num="3562" count="0" type="stmt"/>
        <line num="3563" count="0" type="stmt"/>
        <line num="3564" count="0" type="stmt"/>
        <line num="3568" count="0" type="cond" truecount="0" falsecount="2"/>
        <line num="3569" count="0" type="stmt"/>
        <line num="3574" count="0" type="stmt"/>
        <line num="3577" count="0" type="stmt"/>
        <line num="3584" count="1" type="stmt"/>
        <line num="3587" count="0" type="stmt"/>
        <line num="3588" count="0" type="stmt"/>
        <line num="3589" count="0" type="stmt"/>
        <line num="3593" count="0" type="cond" truecount="0" falsecount="2"/>
        <line num="3607" count="1" type="stmt"/>
        <line num="3608" count="1" type="stmt"/>
        <line num="3609" count="7" type="stmt"/>
        <line num="3611" count="1" type="stmt"/>
        <line num="3612" count="1" type="stmt"/>
        <line num="3613" count="7" type="stmt"/>
        <line num="3615" count="1" type="stmt"/>
        <line num="3626" count="0" type="stmt"/>
        <line num="3629" count="0" type="cond" truecount="0" falsecount="3"/>
        <line num="3633" count="0" type="stmt"/>
        <line num="3636" count="1" type="stmt"/>
        <line num="3641" count="0" type="stmt"/>
        <line num="3642" count="0" type="stmt"/>
        <line num="3646" count="4" type="stmt"/>
        <line num="3649" count="1" type="stmt"/>
        <line num="3655" count="0" type="cond" truecount="0" falsecount="4"/>
        <line num="3660" count="0" type="cond" truecount="0" falsecount="2"/>
        <line num="3666" count="0" type="stmt"/>
        <line num="3670" count="0" type="stmt"/>
        <line num="3676" count="0" type="stmt"/>
        <line num="3678" count="0" type="cond" truecount="0" falsecount="2"/>
        <line num="3679" count="0" type="stmt"/>
        <line num="3681" count="0" type="stmt"/>
        <line num="3687" count="0" type="stmt"/>
        <line num="3688" count="0" type="cond" truecount="0" falsecount="6"/>
        <line num="3690" count="0" type="stmt"/>
        <line num="3693" count="0" type="stmt"/>
        <line num="3694" count="0" type="stmt"/>
        <line num="3696" count="0" type="cond" truecount="0" falsecount="2"/>
        <line num="3699" count="0" type="cond" truecount="0" falsecount="5"/>
        <line num="3700" count="0" type="stmt"/>
        <line num="3702" count="0" type="cond" truecount="0" falsecount="2"/>
        <line num="3707" count="0" type="stmt"/>
        <line num="3709" count="0" type="cond" truecount="0" falsecount="4"/>
        <line num="3710" count="0" type="stmt"/>
        <line num="3713" count="0" type="cond" truecount="0" falsecount="2"/>
        <line num="3718" count="0" type="cond" truecount="0" falsecount="2"/>
        <line num="3719" count="0" type="stmt"/>
        <line num="3721" count="0" type="stmt"/>
        <line num="3726" count="1" type="stmt"/>
        <line num="3727" count="1" type="stmt"/>
        <line num="3730" count="0" type="cond" truecount="0" falsecount="2"/>
        <line num="3731" count="0" type="stmt"/>
        <line num="3732" count="0" type="cond" truecount="0" falsecount="4"/>
        <line num="3734" count="0" type="stmt"/>
        <line num="3739" count="0" type="cond" truecount="0" falsecount="2"/>
        <line num="3740" count="0" type="cond" truecount="0" falsecount="4"/>
        <line num="3741" count="0" type="stmt"/>
        <line num="3742" count="0" type="stmt"/>
        <line num="3743" count="0" type="cond" truecount="0" falsecount="2"/>
        <line num="3744" count="0" type="cond" truecount="0" falsecount="2"/>
        <line num="3747" count="0" type="stmt"/>
        <line num="3749" count="0" type="stmt"/>
        <line num="3751" count="0" type="stmt"/>
        <line num="3755" count="0" type="cond" truecount="0" falsecount="2"/>
        <line num="3756" count="0" type="stmt"/>
        <line num="3758" count="0" type="stmt"/>
        <line num="3759" count="0" type="stmt"/>
        <line num="3767" count="15" type="stmt"/>
        <line num="3769" count="0" type="stmt"/>
        <line num="3774" count="0" type="cond" truecount="0" falsecount="4"/>
        <line num="3776" count="0" type="cond" truecount="0" falsecount="2"/>
        <line num="3779" count="0" type="stmt"/>
        <line num="3780" count="0" type="cond" truecount="0" falsecount="2"/>
        <line num="3782" count="0" type="stmt"/>
        <line num="3784" count="0" type="stmt"/>
        <line num="3785" count="0" type="stmt"/>
        <line num="3790" count="0" type="stmt"/>
        <line num="3794" count="0" type="stmt"/>
        <line num="3796" count="0" type="cond" truecount="0" falsecount="2"/>
        <line num="3797" count="0" type="stmt"/>
        <line num="3798" count="0" type="stmt"/>
        <line num="3799" count="0" type="cond" truecount="0" falsecount="2"/>
        <line num="3801" count="0" type="stmt"/>
        <line num="3805" count="0" type="stmt"/>
        <line num="3806" count="0" type="stmt"/>
        <line num="3809" count="0" type="stmt"/>
        <line num="3815" count="0" type="stmt"/>
        <line num="3817" count="0" type="stmt"/>
        <line num="3818" count="0" type="stmt"/>
        <line num="3821" count="0" type="cond" truecount="0" falsecount="2"/>
        <line num="3822" count="0" type="cond" truecount="0" falsecount="2"/>
        <line num="3824" count="0" type="cond" truecount="0" falsecount="2"/>
        <line num="3826" count="0" type="cond" truecount="0" falsecount="2"/>
        <line num="3827" count="0" type="stmt"/>
        <line num="3828" count="0" type="stmt"/>
        <line num="3829" count="0" type="stmt"/>
        <line num="3831" count="0" type="cond" truecount="0" falsecount="2"/>
        <line num="3832" count="0" type="stmt"/>
        <line num="3835" count="0" type="cond" truecount="0" falsecount="2"/>
        <line num="3836" count="0" type="stmt"/>
        <line num="3841" count="0" type="stmt"/>
        <line num="3842" count="0" type="stmt"/>
        <line num="3846" count="0" type="cond" truecount="0" falsecount="2"/>
        <line num="3849" count="0" type="cond" truecount="0" falsecount="2"/>
        <line num="3850" count="0" type="stmt"/>
        <line num="3853" count="0" type="stmt"/>
        <line num="3854" count="0" type="cond" truecount="0" falsecount="2"/>
        <line num="3855" count="0" type="stmt"/>
        <line num="3862" count="0" type="stmt"/>
        <line num="3863" count="0" type="stmt"/>
        <line num="3867" count="0" type="stmt"/>
        <line num="3874" count="0" type="stmt"/>
        <line num="3877" count="0" type="cond" truecount="0" falsecount="5"/>
        <line num="3878" count="0" type="stmt"/>
        <line num="3887" count="1" type="stmt"/>
        <line num="3891" count="0" type="cond" truecount="0" falsecount="2"/>
        <line num="3894" count="0" type="cond" truecount="0" falsecount="2"/>
        <line num="3895" count="0" type="stmt"/>
        <line num="3898" count="0" type="stmt"/>
        <line num="3899" count="0" type="stmt"/>
        <line num="3900" count="0" type="stmt"/>
        <line num="3902" count="0" type="cond" truecount="0" falsecount="2"/>
        <line num="3903" count="0" type="stmt"/>
        <line num="3907" count="0" type="cond" truecount="0" falsecount="2"/>
        <line num="3908" count="0" type="stmt"/>
        <line num="3910" count="0" type="stmt"/>
        <line num="3911" count="0" type="stmt"/>
        <line num="3913" count="0" type="cond" truecount="0" falsecount="2"/>
        <line num="3914" count="0" type="stmt"/>
        <line num="3915" count="0" type="stmt"/>
        <line num="3916" count="0" type="cond" truecount="0" falsecount="4"/>
        <line num="3917" count="0" type="stmt"/>
        <line num="3921" count="0" type="stmt"/>
        <line num="3924" count="0" type="stmt"/>
        <line num="3925" count="0" type="stmt"/>
        <line num="3926" count="0" type="cond" truecount="0" falsecount="2"/>
        <line num="3927" count="0" type="stmt"/>
        <line num="3928" count="0" type="stmt"/>
        <line num="3930" count="0" type="stmt"/>
        <line num="3938" count="0" type="stmt"/>
        <line num="3943" count="0" type="stmt"/>
        <line num="3944" count="0" type="stmt"/>
        <line num="3945" count="0" type="stmt"/>
        <line num="3947" count="0" type="stmt"/>
        <line num="3951" count="0" type="stmt"/>
        <line num="3952" count="0" type="stmt"/>
        <line num="3953" count="0" type="stmt"/>
        <line num="3954" count="0" type="cond" truecount="0" falsecount="2"/>
        <line num="3955" count="0" type="stmt"/>
        <line num="3957" count="0" type="stmt"/>
        <line num="3959" count="0" type="stmt"/>
        <line num="3964" count="0" type="stmt"/>
        <line num="3965" count="0" type="stmt"/>
        <line num="3966" count="0" type="cond" truecount="0" falsecount="2"/>
        <line num="3967" count="0" type="stmt"/>
        <line num="3970" count="0" type="stmt"/>
        <line num="3974" count="0" type="cond" truecount="0" falsecount="3"/>
        <line num="3978" count="0" type="stmt"/>
        <line num="3979" count="0" type="cond" truecount="0" falsecount="4"/>
        <line num="3981" count="0" type="stmt"/>
        <line num="3983" count="0" type="stmt"/>
        <line num="3984" count="0" type="stmt"/>
        <line num="3985" count="0" type="stmt"/>
        <line num="3990" count="0" type="cond" truecount="0" falsecount="2"/>
        <line num="3991" count="0" type="stmt"/>
        <line num="3992" count="0" type="stmt"/>
        <line num="3993" count="0" type="stmt"/>
        <line num="3999" count="0" type="stmt"/>
        <line num="4005" count="0" type="stmt"/>
        <line num="4009" count="0" type="stmt"/>
        <line num="4011" count="0" type="cond" truecount="0" falsecount="2"/>
        <line num="4012" count="0" type="stmt"/>
        <line num="4014" count="0" type="stmt"/>
        <line num="4015" count="0" type="stmt"/>
        <line num="4016" count="0" type="stmt"/>
        <line num="4017" count="0" type="stmt"/>
        <line num="4026" count="0" type="cond" truecount="0" falsecount="2"/>
        <line num="4027" count="0" type="stmt"/>
        <line num="4028" count="0" type="stmt"/>
        <line num="4029" count="0" type="cond" truecount="0" falsecount="2"/>
        <line num="4030" count="0" type="stmt"/>
        <line num="4032" count="0" type="cond" truecount="0" falsecount="2"/>
        <line num="4038" count="0" type="stmt"/>
        <line num="4039" count="0" type="cond" truecount="0" falsecount="4"/>
        <line num="4043" count="0" type="stmt"/>
        <line num="4047" count="0" type="cond" truecount="0" falsecount="2"/>
        <line num="4048" count="0" type="stmt"/>
        <line num="4050" count="0" type="stmt"/>
        <line num="4059" count="0" type="cond" truecount="0" falsecount="2"/>
        <line num="4060" count="0" type="stmt"/>
        <line num="4061" count="0" type="cond" truecount="0" falsecount="2"/>
        <line num="4062" count="0" type="cond" truecount="0" falsecount="2"/>
        <line num="4064" count="0" type="cond" truecount="0" falsecount="2"/>
        <line num="4066" count="0" type="stmt"/>
        <line num="4067" count="0" type="stmt"/>
        <line num="4068" count="0" type="stmt"/>
        <line num="4069" count="0" type="stmt"/>
        <line num="4070" count="0" type="stmt"/>
        <line num="4077" count="0" type="cond" truecount="0" falsecount="2"/>
        <line num="4078" count="0" type="stmt"/>
        <line num="4082" count="0" type="stmt"/>
        <line num="4083" count="0" type="cond" truecount="0" falsecount="2"/>
        <line num="4085" count="0" type="stmt"/>
        <line num="4086" count="0" type="cond" truecount="0" falsecount="2"/>
        <line num="4087" count="0" type="stmt"/>
        <line num="4096" count="21" type="stmt"/>
        <line num="4099" count="0" type="stmt"/>
        <line num="4100" count="0" type="cond" truecount="0" falsecount="2"/>
        <line num="4101" count="0" type="stmt"/>
        <line num="4102" count="0" type="cond" truecount="0" falsecount="2"/>
        <line num="4104" count="0" type="stmt"/>
        <line num="4107" count="0" type="stmt"/>
        <line num="4110" count="0" type="cond" truecount="0" falsecount="2"/>
        <line num="4115" count="1" type="stmt"/>
        <line num="4116" count="1" type="stmt"/>
        <line num="4122" count="0" type="stmt"/>
        <line num="4123" count="0" type="stmt"/>
        <line num="4125" count="0" type="cond" truecount="0" falsecount="2"/>
        <line num="4126" count="0" type="stmt"/>
        <line num="4129" count="0" type="cond" truecount="0" falsecount="2"/>
        <line num="4130" count="0" type="stmt"/>
        <line num="4133" count="0" type="cond" truecount="0" falsecount="2"/>
        <line num="4134" count="0" type="stmt"/>
        <line num="4153" count="0" type="cond" truecount="0" falsecount="2"/>
        <line num="4155" count="0" type="cond" truecount="0" falsecount="2"/>
        <line num="4156" count="0" type="cond" truecount="0" falsecount="2"/>
        <line num="4157" count="0" type="stmt"/>
        <line num="4159" count="0" type="stmt"/>
        <line num="4162" count="0" type="stmt"/>
        <line num="4163" count="0" type="cond" truecount="0" falsecount="5"/>
        <line num="4164" count="0" type="cond" truecount="0" falsecount="2"/>
        <line num="4166" count="0" type="stmt"/>
        <line num="4169" count="0" type="stmt"/>
        <line num="4176" count="1" type="stmt"/>
        <line num="4178" count="0" type="stmt"/>
        <line num="4179" count="0" type="stmt"/>
        <line num="4180" count="0" type="stmt"/>
        <line num="4181" count="0" type="stmt"/>
        <line num="4183" count="1" type="stmt"/>
        <line num="4185" count="0" type="cond" truecount="0" falsecount="2"/>
        <line num="4186" count="0" type="stmt"/>
        <line num="4188" count="0" type="stmt"/>
        <line num="4189" count="0" type="stmt"/>
        <line num="4190" count="0" type="stmt"/>
        <line num="4193" count="0" type="cond" truecount="0" falsecount="2"/>
        <line num="4196" count="0" type="stmt"/>
        <line num="4197" count="0" type="stmt"/>
        <line num="4198" count="0" type="cond" truecount="0" falsecount="2"/>
        <line num="4199" count="0" type="stmt"/>
        <line num="4203" count="0" type="stmt"/>
        <line num="4204" count="0" type="stmt"/>
        <line num="4205" count="0" type="cond" truecount="0" falsecount="2"/>
        <line num="4206" count="0" type="stmt"/>
        <line num="4208" count="0" type="stmt"/>
        <line num="4209" count="0" type="stmt"/>
        <line num="4215" count="0" type="stmt"/>
        <line num="4216" count="0" type="stmt"/>
        <line num="4217" count="0" type="cond" truecount="0" falsecount="2"/>
        <line num="4218" count="0" type="stmt"/>
        <line num="4220" count="0" type="stmt"/>
        <line num="4221" count="0" type="stmt"/>
        <line num="4222" count="0" type="stmt"/>
        <line num="4223" count="0" type="stmt"/>
        <line num="4224" count="0" type="stmt"/>
        <line num="4231" count="1" type="stmt"/>
        <line num="4233" count="1" type="stmt"/>
        <line num="4234" count="0" type="stmt"/>
        <line num="4235" count="0" type="stmt"/>
        <line num="4302" count="1" type="stmt"/>
        <line num="4303" count="1" type="stmt"/>
        <line num="4304" count="1" type="stmt"/>
        <line num="4305" count="1" type="stmt"/>
        <line num="4306" count="1" type="stmt"/>
        <line num="4307" count="1" type="stmt"/>
        <line num="4310" count="0" type="stmt"/>
        <line num="4314" count="0" type="stmt"/>
        <line num="4315" count="0" type="cond" truecount="0" falsecount="2"/>
        <line num="4316" count="0" type="stmt"/>
        <line num="4322" count="0" type="stmt"/>
        <line num="4323" count="0" type="cond" truecount="0" falsecount="2"/>
        <line num="4324" count="0" type="cond" truecount="0" falsecount="2"/>
        <line num="4326" count="0" type="stmt"/>
        <line num="4334" count="0" type="cond" truecount="0" falsecount="2"/>
        <line num="4335" count="0" type="cond" truecount="0" falsecount="2"/>
        <line num="4336" count="0" type="stmt"/>
        <line num="4337" count="0" type="cond" truecount="0" falsecount="2"/>
        <line num="4338" count="0" type="cond" truecount="0" falsecount="2"/>
        <line num="4339" count="0" type="cond" truecount="0" falsecount="4"/>
        <line num="4340" count="0" type="cond" truecount="0" falsecount="2"/>
        <line num="4342" count="0" type="stmt"/>
        <line num="4345" count="0" type="stmt"/>
        <line num="4346" count="0" type="stmt"/>
        <line num="4347" count="0" type="stmt"/>
        <line num="4348" count="0" type="stmt"/>
        <line num="4352" count="0" type="stmt"/>
        <line num="4354" count="0" type="cond" truecount="0" falsecount="2"/>
        <line num="4355" count="0" type="stmt"/>
        <line num="4356" count="0" type="stmt"/>
        <line num="4357" count="0" type="stmt"/>
        <line num="4359" count="0" type="stmt"/>
        <line num="4361" count="0" type="stmt"/>
        <line num="4902" count="0" type="stmt"/>
        <line num="4903" count="0" type="stmt"/>
        <line num="4904" count="0" type="stmt"/>
        <line num="4905" count="0" type="stmt"/>
        <line num="4906" count="0" type="stmt"/>
        <line num="4907" count="0" type="stmt"/>
        <line num="4917" count="0" type="stmt"/>
        <line num="4919" count="0" type="cond" truecount="0" falsecount="2"/>
        <line num="4920" count="0" type="stmt"/>
        <line num="4922" count="0" type="stmt"/>
        <line num="4924" count="0" type="stmt"/>
        <line num="4926" count="0" type="stmt"/>
        <line num="4927" count="0" type="stmt"/>
        <line num="4928" count="0" type="stmt"/>
        <line num="4931" count="0" type="stmt"/>
        <line num="4933" count="0" type="stmt"/>
        <line num="4934" count="0" type="stmt"/>
        <line num="4935" count="0" type="stmt"/>
        <line num="4936" count="0" type="stmt"/>
        <line num="4937" count="0" type="stmt"/>
        <line num="4938" count="0" type="cond" truecount="0" falsecount="2"/>
        <line num="4940" count="0" type="stmt"/>
        <line num="4947" count="0" type="stmt"/>
        <line num="4948" count="0" type="cond" truecount="0" falsecount="2"/>
        <line num="4949" count="0" type="stmt"/>
        <line num="4951" count="0" type="stmt"/>
        <line num="4957" count="0" type="stmt"/>
        <line num="4958" count="0" type="cond" truecount="0" falsecount="4"/>
        <line num="4959" count="0" type="stmt"/>
        <line num="4961" count="0" type="cond" truecount="0" falsecount="2"/>
        <line num="4962" count="0" type="stmt"/>
        <line num="4964" count="0" type="stmt"/>
        <line num="4968" count="0" type="stmt"/>
        <line num="4969" count="0" type="stmt"/>
        <line num="4970" count="0" type="cond" truecount="0" falsecount="2"/>
        <line num="4971" count="0" type="stmt"/>
        <line num="4973" count="0" type="stmt"/>
        <line num="4978" count="0" type="stmt"/>
        <line num="4984" count="0" type="stmt"/>
        <line num="4985" count="0" type="stmt"/>
        <line num="4989" count="0" type="stmt"/>
        <line num="4992" count="0" type="stmt"/>
        <line num="4993" count="0" type="stmt"/>
        <line num="4994" count="0" type="stmt"/>
        <line num="4998" count="0" type="stmt"/>
        <line num="4999" count="0" type="stmt"/>
        <line num="5001" count="0" type="stmt"/>
        <line num="5002" count="0" type="stmt"/>
        <line num="5003" count="0" type="stmt"/>
        <line num="5011" count="0" type="cond" truecount="0" falsecount="2"/>
        <line num="5012" count="0" type="stmt"/>
        <line num="5013" count="0" type="stmt"/>
        <line num="5014" count="0" type="cond" truecount="0" falsecount="2"/>
        <line num="5015" count="0" type="stmt"/>
        <line num="5019" count="0" type="stmt"/>
        <line num="5020" count="0" type="stmt"/>
        <line num="5021" count="0" type="stmt"/>
        <line num="5023" count="0" type="stmt"/>
        <line num="5027" count="0" type="stmt"/>
        <line num="5028" count="0" type="cond" truecount="0" falsecount="2"/>
        <line num="5029" count="0" type="stmt"/>
        <line num="5030" count="0" type="stmt"/>
        <line num="5031" count="0" type="stmt"/>
        <line num="5032" count="0" type="stmt"/>
        <line num="5033" count="0" type="stmt"/>
        <line num="5034" count="0" type="cond" truecount="0" falsecount="2"/>
        <line num="5035" count="0" type="stmt"/>
        <line num="5036" count="0" type="cond" truecount="0" falsecount="2"/>
        <line num="5037" count="0" type="stmt"/>
        <line num="5039" count="0" type="stmt"/>
        <line num="5042" count="0" type="cond" truecount="0" falsecount="2"/>
        <line num="5043" count="0" type="stmt"/>
        <line num="5045" count="0" type="cond" truecount="0" falsecount="5"/>
        <line num="5051" count="0" type="stmt"/>
        <line num="5053" count="0" type="stmt"/>
        <line num="5057" count="0" type="stmt"/>
        <line num="5067" count="0" type="cond" truecount="0" falsecount="2"/>
        <line num="5068" count="0" type="cond" truecount="0" falsecount="2"/>
        <line num="5069" count="0" type="stmt"/>
        <line num="5072" count="0" type="stmt"/>
        <line num="5074" count="0" type="stmt"/>
        <line num="5075" count="0" type="stmt"/>
        <line num="5076" count="0" type="stmt"/>
        <line num="5077" count="0" type="stmt"/>
        <line num="5078" count="0" type="stmt"/>
        <line num="5080" count="0" type="cond" truecount="0" falsecount="2"/>
        <line num="5081" count="0" type="stmt"/>
        <line num="5083" count="0" type="stmt"/>
        <line num="5085" count="0" type="stmt"/>
        <line num="5092" count="0" type="stmt"/>
        <line num="5093" count="0" type="stmt"/>
        <line num="5095" count="0" type="stmt"/>
        <line num="5096" count="0" type="stmt"/>
        <line num="5097" count="0" type="cond" truecount="0" falsecount="2"/>
        <line num="5098" count="0" type="stmt"/>
        <line num="5101" count="0" type="cond" truecount="0" falsecount="4"/>
        <line num="5104" count="0" type="stmt"/>
        <line num="5110" count="0" type="cond" truecount="0" falsecount="4"/>
        <line num="5111" count="0" type="stmt"/>
        <line num="5113" count="0" type="stmt"/>
        <line num="5114" count="0" type="cond" truecount="0" falsecount="2"/>
        <line num="5117" count="0" type="stmt"/>
        <line num="5119" count="0" type="stmt"/>
        <line num="5123" count="0" type="cond" truecount="0" falsecount="2"/>
        <line num="5124" count="0" type="stmt"/>
        <line num="5125" count="0" type="stmt"/>
        <line num="5128" count="0" type="stmt"/>
        <line num="5129" count="0" type="cond" truecount="0" falsecount="2"/>
        <line num="5130" count="0" type="stmt"/>
        <line num="5133" count="0" type="cond" truecount="0" falsecount="2"/>
        <line num="5136" count="0" type="stmt"/>
        <line num="5138" count="0" type="stmt"/>
        <line num="5139" count="0" type="stmt"/>
        <line num="5147" count="0" type="cond" truecount="0" falsecount="2"/>
        <line num="5148" count="0" type="stmt"/>
        <line num="5150" count="0" type="stmt"/>
        <line num="5151" count="0" type="stmt"/>
        <line num="5155" count="0" type="stmt"/>
        <line num="5161" count="0" type="cond" truecount="0" falsecount="2"/>
        <line num="5167" count="1" type="stmt"/>
        <line num="5180" count="0" type="stmt"/>
        <line num="5195" count="0" type="stmt"/>
        <line num="5196" count="0" type="stmt"/>
        <line num="5340" count="0" type="stmt"/>
        <line num="5341" count="0" type="stmt"/>
        <line num="5347" count="0" type="stmt"/>
        <line num="5348" count="0" type="stmt"/>
        <line num="5349" count="0" type="cond" truecount="0" falsecount="2"/>
        <line num="5350" count="0" type="stmt"/>
        <line num="5351" count="0" type="stmt"/>
        <line num="5354" count="0" type="stmt"/>
        <line num="5359" count="0" type="stmt"/>
        <line num="5361" count="0" type="cond" truecount="0" falsecount="2"/>
        <line num="5362" count="0" type="stmt"/>
        <line num="5363" count="0" type="cond" truecount="0" falsecount="2"/>
        <line num="5364" count="0" type="stmt"/>
        <line num="5365" count="0" type="stmt"/>
        <line num="5366" count="0" type="cond" truecount="0" falsecount="2"/>
        <line num="5367" count="0" type="stmt"/>
        <line num="5369" count="0" type="stmt"/>
        <line num="5371" count="0" type="cond" truecount="0" falsecount="2"/>
        <line num="5372" count="0" type="stmt"/>
        <line num="5375" count="0" type="stmt"/>
        <line num="5379" count="0" type="cond" truecount="0" falsecount="2"/>
        <line num="5380" count="0" type="stmt"/>
        <line num="5382" count="0" type="stmt"/>
        <line num="5384" count="0" type="cond" truecount="0" falsecount="2"/>
        <line num="5398" count="0" type="stmt"/>
        <line num="5399" count="0" type="stmt"/>
        <line num="5402" count="0" type="stmt"/>
        <line num="5408" count="0" type="cond" truecount="0" falsecount="4"/>
        <line num="5412" count="0" type="cond" truecount="0" falsecount="2"/>
        <line num="5415" count="0" type="cond" truecount="0" falsecount="2"/>
        <line num="5418" count="0" type="cond" truecount="0" falsecount="2"/>
        <line num="5421" count="0" type="cond" truecount="0" falsecount="2"/>
        <line num="5426" count="0" type="cond" truecount="0" falsecount="2"/>
        <line num="5427" count="0" type="stmt"/>
        <line num="5430" count="0" type="cond" truecount="0" falsecount="4"/>
        <line num="5432" count="0" type="stmt"/>
        <line num="5433" count="0" type="stmt"/>
        <line num="5438" count="0" type="stmt"/>
        <line num="5442" count="1" type="stmt"/>
        <line num="5443" count="1" type="stmt"/>
        <line num="5444" count="1" type="stmt"/>
        <line num="5447" count="0" type="cond" truecount="0" falsecount="4"/>
        <line num="5448" count="0" type="cond" truecount="0" falsecount="2"/>
        <line num="5449" count="0" type="cond" truecount="0" falsecount="2"/>
        <line num="5450" count="0" type="cond" truecount="0" falsecount="2"/>
        <line num="5451" count="0" type="cond" truecount="0" falsecount="2"/>
        <line num="5452" count="0" type="stmt"/>
        <line num="5456" count="0" type="stmt"/>
        <line num="5457" count="0" type="stmt"/>
        <line num="5458" count="0" type="cond" truecount="0" falsecount="2"/>
        <line num="5459" count="0" type="stmt"/>
        <line num="5465" count="0" type="cond" truecount="0" falsecount="2"/>
        <line num="5466" count="0" type="stmt"/>
        <line num="5471" count="0" type="stmt"/>
        <line num="5472" count="0" type="stmt"/>
        <line num="5475" count="0" type="cond" truecount="0" falsecount="2"/>
        <line num="5476" count="0" type="stmt"/>
        <line num="5479" count="0" type="stmt"/>
        <line num="5490" count="0" type="cond" truecount="0" falsecount="2"/>
        <line num="5495" count="1" type="stmt"/>
        <line num="5496" count="0" type="stmt"/>
        <line num="5501" count="1" type="stmt"/>
        <line num="5502" count="0" type="stmt"/>
        <line num="5503" count="0" type="stmt"/>
        <line num="5505" count="0" type="stmt"/>
        <line num="5507" count="0" type="stmt"/>
        <line num="5514" count="0" type="cond" truecount="0" falsecount="2"/>
        <line num="5515" count="0" type="stmt"/>
        <line num="5518" count="0" type="cond" truecount="0" falsecount="2"/>
        <line num="5519" count="0" type="cond" truecount="0" falsecount="2"/>
        <line num="5520" count="0" type="stmt"/>
        <line num="5522" count="0" type="cond" truecount="0" falsecount="2"/>
        <line num="5523" count="0" type="stmt"/>
        <line num="5526" count="0" type="cond" truecount="0" falsecount="4"/>
        <line num="5527" count="0" type="stmt"/>
        <line num="5530" count="0" type="stmt"/>
        <line num="5534" count="0" type="stmt"/>
        <line num="5535" count="0" type="stmt"/>
        <line num="5541" count="0" type="stmt"/>
        <line num="5542" count="0" type="cond" truecount="0" falsecount="2"/>
        <line num="5543" count="0" type="cond" truecount="0" falsecount="2"/>
        <line num="5545" count="0" type="stmt"/>
        <line num="5546" count="0" type="cond" truecount="0" falsecount="2"/>
        <line num="5547" count="0" type="stmt"/>
        <line num="5548" count="0" type="stmt"/>
        <line num="5552" count="0" type="stmt"/>
        <line num="5556" count="0" type="stmt"/>
        <line num="5557" count="0" type="stmt"/>
        <line num="5558" count="0" type="cond" truecount="0" falsecount="2"/>
        <line num="5559" count="0" type="stmt"/>
        <line num="5560" count="0" type="stmt"/>
        <line num="5561" count="0" type="stmt"/>
        <line num="5562" count="0" type="stmt"/>
        <line num="5563" count="0" type="stmt"/>
        <line num="5564" count="0" type="cond" truecount="0" falsecount="2"/>
        <line num="5565" count="0" type="cond" truecount="0" falsecount="2"/>
        <line num="5566" count="0" type="cond" truecount="0" falsecount="2"/>
        <line num="5568" count="0" type="cond" truecount="0" falsecount="2"/>
        <line num="5573" count="0" type="stmt"/>
        <line num="5574" count="0" type="cond" truecount="0" falsecount="2"/>
        <line num="5575" count="0" type="stmt"/>
        <line num="5577" count="0" type="cond" truecount="0" falsecount="2"/>
        <line num="5578" count="0" type="stmt"/>
        <line num="5581" count="0" type="stmt"/>
        <line num="5584" count="0" type="stmt"/>
        <line num="5589" count="0" type="cond" truecount="0" falsecount="2"/>
        <line num="5591" count="0" type="stmt"/>
        <line num="5592" count="0" type="stmt"/>
        <line num="5594" count="0" type="cond" truecount="0" falsecount="4"/>
        <line num="5596" count="0" type="stmt"/>
        <line num="5597" count="0" type="stmt"/>
        <line num="5599" count="0" type="cond" truecount="0" falsecount="2"/>
        <line num="5600" count="0" type="stmt"/>
        <line num="5619" count="1" type="stmt"/>
        <line num="5620" count="0" type="stmt"/>
        <line num="5621" count="0" type="stmt"/>
        <line num="5623" count="0" type="stmt"/>
        <line num="5664" count="0" type="stmt"/>
        <line num="5665" count="0" type="cond" truecount="0" falsecount="4"/>
        <line num="5666" count="0" type="stmt"/>
        <line num="5669" count="0" type="stmt"/>
        <line num="5670" count="0" type="stmt"/>
        <line num="5671" count="0" type="stmt"/>
        <line num="5688" count="0" type="stmt"/>
        <line num="5689" count="0" type="cond" truecount="0" falsecount="2"/>
        <line num="5690" count="0" type="cond" truecount="0" falsecount="2"/>
        <line num="5691" count="0" type="cond" truecount="0" falsecount="2"/>
        <line num="5692" count="0" type="stmt"/>
        <line num="5693" count="0" type="cond" truecount="0" falsecount="2"/>
        <line num="5694" count="0" type="stmt"/>
        <line num="5695" count="0" type="stmt"/>
        <line num="5699" count="0" type="stmt"/>
        <line num="5702" count="0" type="stmt"/>
        <line num="5707" count="0" type="cond" truecount="0" falsecount="2"/>
        <line num="5708" count="0" type="stmt"/>
        <line num="5709" count="0" type="cond" truecount="0" falsecount="5"/>
        <line num="5710" count="0" type="stmt"/>
        <line num="5713" count="0" type="cond" truecount="0" falsecount="2"/>
        <line num="5714" count="0" type="stmt"/>
        <line num="5716" count="0" type="stmt"/>
        <line num="5739" count="0" type="stmt"/>
        <line num="5860" count="0" type="cond" truecount="0" falsecount="2"/>
        <line num="5861" count="0" type="stmt"/>
        <line num="5890" count="0" type="cond" truecount="0" falsecount="2"/>
        <line num="5891" count="0" type="cond" truecount="0" falsecount="2"/>
        <line num="5892" count="0" type="cond" truecount="0" falsecount="2"/>
        <line num="5893" count="0" type="stmt"/>
        <line num="5894" count="0" type="stmt"/>
        <line num="5922" count="0" type="cond" truecount="0" falsecount="2"/>
        <line num="5923" count="0" type="cond" truecount="0" falsecount="2"/>
        <line num="5924" count="0" type="cond" truecount="0" falsecount="2"/>
        <line num="5925" count="0" type="stmt"/>
        <line num="5926" count="0" type="stmt"/>
        <line num="5949" count="0" type="stmt"/>
        <line num="5950" count="0" type="stmt"/>
        <line num="5979" count="0" type="stmt"/>
        <line num="5980" count="0" type="stmt"/>
        <line num="5981" count="0" type="stmt"/>
        <line num="6009" count="0" type="stmt"/>
        <line num="6010" count="0" type="stmt"/>
        <line num="6011" count="0" type="stmt"/>
        <line num="6040" count="0" type="stmt"/>
        <line num="6041" count="0" type="stmt"/>
        <line num="6042" count="0" type="stmt"/>
        <line num="6043" count="0" type="stmt"/>
        <line num="6087" count="0" type="stmt"/>
        <line num="6088" count="0" type="cond" truecount="0" falsecount="2"/>
        <line num="6089" count="0" type="cond" truecount="0" falsecount="2"/>
[...]
        <line num="32372" count="0" type="stmt"/>
        <line num="32373" count="0" type="stmt"/>
        <line num="32375" count="0" type="cond" truecount="0" falsecount="2"/>
        <line num="32377" count="0" type="cond" truecount="0" falsecount="2"/>
        <line num="32378" count="0" type="stmt"/>
        <line num="32381" count="0" type="stmt"/>
        <line num="32387" count="0" type="stmt"/>
        <line num="32390" count="0" type="stmt"/>
        <line num="32391" count="0" type="cond" truecount="0" falsecount="2"/>
        <line num="32393" count="0" type="cond" truecount="0" falsecount="2"/>
        <line num="32394" count="0" type="stmt"/>
        <line num="32396" count="0" type="stmt"/>
        <line num="32397" count="0" type="cond" truecount="0" falsecount="2"/>
        <line num="32400" count="0" type="stmt"/>
        <line num="32401" count="0" type="stmt"/>
        <line num="32403" count="0" type="cond" truecount="0" falsecount="4"/>
        <line num="32404" count="0" type="stmt"/>
        <line num="32405" count="0" type="stmt"/>
        <line num="32406" count="0" type="cond" truecount="0" falsecount="2"/>
        <line num="32407" count="0" type="stmt"/>
        <line num="32409" count="0" type="stmt"/>
        <line num="32416" count="0" type="stmt"/>
        <line num="32418" count="0" type="cond" truecount="0" falsecount="2"/>
        <line num="32420" count="0" type="stmt"/>
        <line num="32421" count="0" type="cond" truecount="0" falsecount="2"/>
        <line num="32422" count="0" type="stmt"/>
        <line num="32423" count="0" type="stmt"/>
        <line num="32425" count="0" type="cond" truecount="0" falsecount="2"/>
        <line num="32426" count="0" type="stmt"/>
        <line num="32429" count="0" type="stmt"/>
        <line num="32433" count="0" type="stmt"/>
        <line num="32434" count="0" type="stmt"/>
        <line num="32435" count="0" type="cond" truecount="0" falsecount="2"/>
        <line num="32436" count="0" type="cond" truecount="0" falsecount="2"/>
        <line num="32437" count="0" type="stmt"/>
        <line num="32438" count="0" type="cond" truecount="0" falsecount="2"/>
        <line num="32439" count="0" type="stmt"/>
        <line num="32440" count="0" type="stmt"/>
        <line num="32443" count="0" type="stmt"/>
        <line num="32449" count="0" type="stmt"/>
        <line num="32450" count="0" type="stmt"/>
        <line num="32454" count="0" type="stmt"/>
        <line num="32456" count="0" type="cond" truecount="0" falsecount="2"/>
        <line num="32457" count="0" type="stmt"/>
        <line num="32458" count="0" type="stmt"/>
        <line num="32459" count="0" type="stmt"/>
        <line num="32460" count="0" type="stmt"/>
        <line num="32464" count="0" type="stmt"/>
        <line num="32466" count="0" type="cond" truecount="0" falsecount="2"/>
        <line num="32468" count="0" type="stmt"/>
        <line num="32470" count="0" type="stmt"/>
        <line num="32471" count="0" type="cond" truecount="0" falsecount="2"/>
        <line num="32473" count="0" type="stmt"/>
        <line num="32474" count="0" type="stmt"/>
        <line num="32475" count="0" type="cond" truecount="0" falsecount="2"/>
        <line num="32480" count="0" type="stmt"/>
        <line num="32482" count="0" type="cond" truecount="0" falsecount="2"/>
        <line num="32484" count="0" type="stmt"/>
        <line num="32485" count="0" type="stmt"/>
        <line num="32488" count="0" type="stmt"/>
        <line num="32490" count="0" type="cond" truecount="0" falsecount="2"/>
        <line num="32491" count="0" type="stmt"/>
        <line num="32492" count="0" type="stmt"/>
        <line num="32493" count="0" type="stmt"/>
        <line num="32496" count="0" type="stmt"/>
        <line num="32497" count="0" type="stmt"/>
        <line num="32498" count="0" type="stmt"/>
        <line num="32499" count="0" type="stmt"/>
        <line num="32503" count="0" type="stmt"/>
        <line num="32505" count="0" type="cond" truecount="0" falsecount="4"/>
        <line num="32506" count="0" type="stmt"/>
        <line num="32510" count="0" type="cond" truecount="0" falsecount="2"/>
        <line num="32512" count="0" type="stmt"/>
        <line num="32514" count="0" type="stmt"/>
        <line num="32517" count="0" type="stmt"/>
        <line num="32519" count="0" type="cond" truecount="0" falsecount="2"/>
        <line num="32520" count="0" type="stmt"/>
        <line num="32521" count="0" type="stmt"/>
        <line num="32523" count="0" type="stmt"/>
        <line num="32524" count="0" type="stmt"/>
        <line num="32526" count="0" type="cond" truecount="0" falsecount="4"/>
        <line num="32527" count="0" type="stmt"/>
        <line num="32530" count="0" type="cond" truecount="0" falsecount="2"/>
        <line num="32532" count="0" type="stmt"/>
        <line num="32533" count="0" type="stmt"/>
        <line num="32534" count="0" type="stmt"/>
        <line num="32535" count="0" type="cond" truecount="0" falsecount="2"/>
        <line num="32536" count="0" type="stmt"/>
        <line num="32538" count="0" type="stmt"/>
        <line num="32540" count="0" type="cond" truecount="0" falsecount="4"/>
        <line num="32541" count="0" type="stmt"/>
        <line num="32546" count="0" type="stmt"/>
        <line num="32550" count="0" type="stmt"/>
        <line num="32555" count="0" type="cond" truecount="0" falsecount="5"/>
        <line num="32556" count="0" type="cond" truecount="0" falsecount="2"/>
        <line num="32557" count="0" type="stmt"/>
        <line num="32559" count="0" type="stmt"/>
        <line num="32560" count="0" type="stmt"/>
        <line num="32565" count="0" type="stmt"/>
        <line num="32566" count="0" type="stmt"/>
        <line num="32567" count="0" type="stmt"/>
        <line num="32569" count="0" type="stmt"/>
        <line num="32570" count="0" type="stmt"/>
        <line num="32572" count="0" type="cond" truecount="0" falsecount="6"/>
        <line num="32577" count="0" type="stmt"/>
        <line num="32833" count="1" type="stmt"/>
        <line num="32835" count="0" type="stmt"/>
        <line num="32848" count="0" type="stmt"/>
        <line num="32849" count="0" type="stmt"/>
        <line num="32853" count="0" type="cond" truecount="0" falsecount="2"/>
        <line num="32854" count="0" type="stmt"/>
        <line num="32855" count="0" type="stmt"/>
        <line num="32859" count="0" type="stmt"/>
        <line num="32864" count="0" type="stmt"/>
        <line num="32865" count="0" type="stmt"/>
        <line num="32866" count="0" type="stmt"/>
        <line num="32867" count="0" type="stmt"/>
        <line num="32875" count="0" type="cond" truecount="0" falsecount="2"/>
        <line num="32876" count="0" type="stmt"/>
        <line num="32879" count="0" type="stmt"/>
        <line num="32880" count="0" type="stmt"/>
        <line num="32881" count="0" type="stmt"/>
        <line num="32882" count="0" type="cond" truecount="0" falsecount="4"/>
        <line num="32883" count="0" type="stmt"/>
        <line num="32884" count="0" type="cond" truecount="0" falsecount="2"/>
        <line num="32887" count="0" type="stmt"/>
        <line num="32891" count="0" type="stmt"/>
        <line num="32892" count="0" type="stmt"/>
        <line num="32893" count="0" type="cond" truecount="0" falsecount="3"/>
        <line num="32895" count="0" type="stmt"/>
        <line num="32903" count="0" type="cond" truecount="0" falsecount="2"/>
        <line num="32904" count="0" type="stmt"/>
        <line num="32912" count="0" type="stmt"/>
        <line num="32913" count="0" type="stmt"/>
        <line num="32914" count="0" type="cond" truecount="0" falsecount="4"/>
        <line num="32915" count="0" type="stmt"/>
        <line num="32916" count="0" type="stmt"/>
        <line num="32918" count="0" type="stmt"/>
        <line num="32923" count="0" type="stmt"/>
        <line num="32924" count="0" type="cond" truecount="0" falsecount="2"/>
        <line num="32932" count="0" type="stmt"/>
        <line num="32933" count="0" type="cond" truecount="0" falsecount="2"/>
        <line num="32935" count="0" type="stmt"/>
        <line num="32942" count="0" type="stmt"/>
        <line num="32943" count="0" type="stmt"/>
        <line num="32952" count="1" type="stmt"/>
        <line num="32953" count="0" type="stmt"/>
        <line num="32959" count="0" type="cond" truecount="0" falsecount="2"/>
        <line num="32961" count="0" type="cond" truecount="0" falsecount="2"/>
        <line num="32963" count="0" type="stmt"/>
        <line num="32967" count="0" type="stmt"/>
        <line num="32968" count="0" type="cond" truecount="0" falsecount="2"/>
        <line num="32969" count="0" type="stmt"/>
        <line num="32973" count="0" type="stmt"/>
        <line num="32976" count="0" type="stmt"/>
        <line num="32977" count="0" type="stmt"/>
        <line num="32978" count="0" type="cond" truecount="0" falsecount="2"/>
        <line num="32981" count="0" type="cond" truecount="0" falsecount="2"/>
        <line num="32982" count="0" type="stmt"/>
        <line num="33048" count="1" type="stmt"/>
        <line num="33049" count="0" type="stmt"/>
        <line num="33053" count="0" type="cond" truecount="0" falsecount="2"/>
        <line num="33054" count="0" type="stmt"/>
        <line num="33056" count="0" type="stmt"/>
        <line num="33057" count="0" type="cond" truecount="0" falsecount="2"/>
        <line num="33060" count="0" type="stmt"/>
        <line num="33061" count="0" type="stmt"/>
        <line num="33142" count="1" type="stmt"/>
        <line num="33143" count="0" type="stmt"/>
        <line num="33147" count="0" type="cond" truecount="0" falsecount="2"/>
        <line num="33149" count="0" type="cond" truecount="0" falsecount="2"/>
        <line num="33150" count="0" type="stmt"/>
        <line num="33151" count="0" type="cond" truecount="0" falsecount="4"/>
        <line num="33152" count="0" type="stmt"/>
        <line num="33155" count="0" type="cond" truecount="0" falsecount="4"/>
        <line num="33156" count="0" type="stmt"/>
        <line num="33161" count="0" type="cond" truecount="0" falsecount="2"/>
        <line num="33162" count="0" type="stmt"/>
        <line num="33165" count="0" type="stmt"/>
        <line num="33167" count="0" type="cond" truecount="0" falsecount="3"/>
        <line num="33239" count="1" type="stmt"/>
        <line num="33240" count="0" type="stmt"/>
        <line num="33244" count="0" type="cond" truecount="0" falsecount="2"/>
        <line num="33246" count="0" type="stmt"/>
        <line num="33247" count="0" type="stmt"/>
        <line num="33248" count="0" type="stmt"/>
        <line num="33249" count="0" type="cond" truecount="0" falsecount="2"/>
        <line num="33250" count="0" type="stmt"/>
        <line num="33252" count="0" type="stmt"/>
        <line num="33253" count="0" type="cond" truecount="0" falsecount="3"/>
        <line num="33323" count="1" type="stmt"/>
        <line num="33324" count="0" type="stmt"/>
        <line num="33328" count="0" type="cond" truecount="0" falsecount="2"/>
        <line num="33330" count="0" type="stmt"/>
        <line num="33331" count="0" type="stmt"/>
        <line num="33332" count="0" type="cond" truecount="0" falsecount="2"/>
        <line num="33333" count="0" type="stmt"/>
        <line num="33335" count="0" type="stmt"/>
        <line num="33336" count="0" type="cond" truecount="0" falsecount="2"/>
        <line num="33342" count="1" type="cond" truecount="1" falsecount="1"/>
        <line num="33344" count="1" type="cond" truecount="1" falsecount="1"/>
        <line num="33345" count="1" type="stmt"/>
        <line num="33347" count="1" type="stmt"/>
        <line num="33352" count="0" type="stmt"/>
        <line num="33354" count="0" type="stmt"/>
        <line num="33356" count="0" type="stmt"/>
        <line num="33357" count="0" type="stmt"/>
        <line num="33359" count="0" type="stmt"/>
        <line num="33360" count="0" type="stmt"/>
        <line num="33361" count="0" type="cond" truecount="0" falsecount="2"/>
        <line num="33365" count="0" type="stmt"/>
        <line num="33367" count="0" type="cond" truecount="0" falsecount="2"/>
        <line num="33368" count="0" type="stmt"/>
        <line num="33371" count="0" type="stmt"/>
        <line num="33372" count="0" type="stmt"/>
        <line num="33373" count="0" type="stmt"/>
        <line num="33376" count="0" type="stmt"/>
        <line num="33495" count="0" type="cond" truecount="0" falsecount="4"/>
        <line num="33499" count="0" type="stmt"/>
        <line num="33500" count="0" type="stmt"/>
        <line num="33505" count="1" type="cond" truecount="2" falsecount="0"/>
        <line num="33511" count="1" type="stmt"/>
        <line num="33512" count="1" type="stmt"/>
        <line num="33522" count="1" type="stmt"/>
        <line num="33526" count="1" type="stmt"/>
        <line num="33528" count="1" type="stmt"/>
        <line num="33530" count="1" type="cond" truecount="3" falsecount="1"/>
        <line num="33532" count="1" type="stmt"/>
        <line num="33534" count="1" type="stmt"/>
        <line num="33535" count="1" type="stmt"/>
        <line num="33544" count="1" type="stmt"/>
        <line num="33548" count="1" type="stmt"/>
        <line num="33550" count="1" type="stmt"/>
        <line num="33552" count="1" type="cond" truecount="3" falsecount="1"/>
        <line num="33555" count="0" type="stmt"/>
        <line num="33567" count="0" type="stmt"/>
        <line num="33574" count="0" type="stmt"/>
        <line num="33575" count="0" type="stmt"/>
        <line num="33576" count="0" type="stmt"/>
        <line num="33577" count="0" type="stmt"/>
        <line num="33578" count="0" type="stmt"/>
        <line num="33579" count="0" type="stmt"/>
        <line num="33581" count="0" type="cond" truecount="0" falsecount="2"/>
        <line num="33582" count="0" type="stmt"/>
        <line num="33584" count="0" type="stmt"/>
        <line num="33585" count="0" type="stmt"/>
        <line num="33592" count="0" type="stmt"/>
        <line num="33593" count="0" type="stmt"/>
        <line num="33594" count="0" type="cond" truecount="0" falsecount="2"/>
        <line num="33595" count="0" type="stmt"/>
        <line num="33605" count="0" type="stmt"/>
        <line num="33606" count="0" type="stmt"/>
        <line num="33607" count="0" type="stmt"/>
        <line num="33608" count="0" type="stmt"/>
        <line num="33611" count="0" type="stmt"/>
        <line num="33620" count="1" type="stmt"/>
        <line num="33621" count="1" type="stmt"/>
        <line num="33630" count="1" type="stmt"/>
        <line num="33634" count="1" type="stmt"/>
        <line num="33636" count="1" type="stmt"/>
        <line num="33638" count="1" type="cond" truecount="3" falsecount="1"/>
        <line num="33641" count="0" type="stmt"/>
        <line num="33650" count="0" type="stmt"/>
        <line num="33651" count="0" type="stmt"/>
        <line num="33652" count="0" type="stmt"/>
        <line num="33655" count="0" type="stmt"/>
        <line num="33657" count="0" type="stmt"/>
        <line num="33658" count="0" type="cond" truecount="0" falsecount="2"/>
        <line num="33661" count="0" type="stmt"/>
        <line num="33662" count="0" type="cond" truecount="0" falsecount="2"/>
        <line num="33665" count="0" type="stmt"/>
        <line num="33666" count="0" type="stmt"/>
        <line num="33668" count="0" type="cond" truecount="0" falsecount="2"/>
        <line num="33669" count="0" type="cond" truecount="0" falsecount="2"/>
        <line num="33671" count="0" type="stmt"/>
        <line num="33672" count="0" type="stmt"/>
        <line num="33673" count="0" type="stmt"/>
        <line num="33677" count="0" type="cond" truecount="0" falsecount="2"/>
        <line num="33678" count="0" type="cond" truecount="0" falsecount="2"/>
        <line num="33680" count="0" type="stmt"/>
        <line num="33681" count="0" type="stmt"/>
        <line num="33682" count="0" type="stmt"/>
        <line num="33690" count="1" type="stmt"/>
        <line num="33691" count="1" type="stmt"/>
        <line num="33700" count="1" type="stmt"/>
        <line num="33704" count="1" type="stmt"/>
        <line num="33706" count="1" type="stmt"/>
        <line num="33708" count="1" type="cond" truecount="3" falsecount="1"/>
        <line num="33711" count="0" type="stmt"/>
        <line num="33722" count="0" type="stmt"/>
        <line num="33723" count="0" type="stmt"/>
        <line num="33725" count="0" type="cond" truecount="0" falsecount="2"/>
        <line num="33726" count="0" type="stmt"/>
        <line num="33727" count="0" type="stmt"/>
        <line num="33734" count="1" type="stmt"/>
        <line num="33735" count="1" type="stmt"/>
        <line num="33744" count="1" type="stmt"/>
        <line num="33748" count="0" type="stmt"/>
        <line num="33753" count="0" type="stmt"/>
        <line num="33754" count="0" type="stmt"/>
        <line num="33760" count="1" type="stmt"/>
        <line num="33761" count="1" type="stmt"/>
        <line num="33770" count="1" type="stmt"/>
        <line num="33781" count="0" type="stmt"/>
        <line num="33782" count="0" type="stmt"/>
        <line num="33783" count="0" type="cond" truecount="0" falsecount="2"/>
        <line num="33784" count="0" type="stmt"/>
        <line num="33785" count="0" type="cond" truecount="0" falsecount="2"/>
        <line num="33786" count="0" type="stmt"/>
        <line num="33787" count="0" type="stmt"/>
        <line num="33789" count="0" type="stmt"/>
        <line num="33792" count="0" type="stmt"/>
        <line num="33794" count="0" type="stmt"/>
        <line num="33797" count="0" type="stmt"/>
        <line num="33805" count="0" type="stmt"/>
        <line num="33806" count="0" type="stmt"/>
        <line num="33807" count="0" type="stmt"/>
        <line num="33808" count="0" type="cond" truecount="0" falsecount="2"/>
        <line num="33809" count="0" type="stmt"/>
        <line num="33811" count="0" type="cond" truecount="0" falsecount="2"/>
        <line num="33812" count="0" type="stmt"/>
        <line num="33816" count="0" type="stmt"/>
        <line num="33821" count="0" type="stmt"/>
        <line num="33824" count="0" type="stmt"/>
        <line num="33830" count="0" type="stmt"/>
        <line num="33832" count="0" type="stmt"/>
        <line num="33833" count="0" type="stmt"/>
        <line num="33836" count="0" type="stmt"/>
        <line num="33837" count="0" type="stmt"/>
        <line num="33840" count="0" type="stmt"/>
        <line num="33841" count="0" type="stmt"/>
        <line num="33844" count="0" type="stmt"/>
        <line num="33845" count="0" type="stmt"/>
        <line num="33851" count="0" type="stmt"/>
        <line num="33859" count="0" type="stmt"/>
        <line num="33860" count="0" type="stmt"/>
        <line num="33863" count="0" type="stmt"/>
        <line num="33864" count="0" type="stmt"/>
        <line num="33867" count="0" type="stmt"/>
        <line num="33868" count="0" type="stmt"/>
        <line num="33874" count="0" type="stmt"/>
        <line num="33875" count="0" type="stmt"/>
        <line num="33876" count="0" type="stmt"/>
        <line num="33879" count="0" type="stmt"/>
        <line num="33880" count="0" type="stmt"/>
        <line num="33884" count="1" type="stmt"/>
        <line num="33885" count="1" type="stmt"/>
        <line num="33891" count="1" type="stmt"/>
        <line num="33897" count="1" type="stmt"/>
        <line num="33903" count="1" type="stmt"/>
        <line num="33909" count="1" type="stmt"/>
        <line num="33910" count="1" type="stmt"/>
      </file>
    </metrics>
  </project>
</coverage>
